Using seed 653091685

Error results for GA_40_20_20
---------------------------
Returned AUC 0.628936974931
Returned AUC 0.707864238411
Returned AUC 0.562844476396
0,0.237815228744,0.235098135077,0.237922568308,0.238047808765,0.216374269006,0.241106719368,0.628936974931,0.707864238411,0.562844476396,0.24894366

Returned AUC 0.46057167721
Returned AUC 0.474130794702
Returned AUC 0.446860771627
50,0.0659471141243,0.0576773586147,0.0743513196403,0.862549800797,0.880116959064,0.841897233202,0.46057167721,0.474130794702,0.446860771627,14.513781332

Returned AUC 0.430063259363
Returned AUC 0.43261589404
Returned AUC 0.407201054397
100,0.0679127592278,0.0577429700675,0.0763353603143,0.862549800797,0.883040935673,0.845849802372,0.430063259363,0.43261589404,0.407201054397,28.444854033

Returned AUC 0.438096194397
Returned AUC 0.456912251656
Returned AUC 0.423376467769
150,0.068178883152,0.0580415606403,0.0764814647837,0.862549800797,0.883040935673,0.845849802372,0.438096194397,0.456912251656,0.423376467769,43.138109051

Returned AUC 0.409114870971
Returned AUC 0.412665562914
Returned AUC 0.417565300743
200,0.0682124125669,0.0580067141773,0.0765603689435,0.862549800797,0.883040935673,0.845849802372,0.409114870971,0.412665562914,0.417565300743,57.970053129

Returned AUC 0.412382434649
Returned AUC 0.404056291391
Returned AUC 0.386292834891
250,0.0681515682976,0.0581231817793,0.0765179568132,0.862549800797,0.883040935673,0.845849802372,0.412382434649,0.404056291391,0.386292834891,73.173773049

Returned AUC 0.415892659906
Returned AUC 0.411009933775
Returned AUC 0.389947280134
300,0.0683369591595,0.0581857290545,0.0767730102035,0.862549800797,0.883040935673,0.845849802372,0.415892659906,0.411009933775,0.389947280134,88.035513916

Returned AUC 0.441275897848
Returned AUC 0.437251655629
Returned AUC 0.396716990175
350,0.0684412795622,0.0583258007698,0.0769543654089,0.862549800797,0.883040935673,0.845849802372,0.441275897848,0.437251655629,0.396716990175,102.813327193

Returned AUC 0.440585567493
Returned AUC 0.411506622517
Returned AUC 0.389707644381
400,0.0684140015691,0.0583536237216,0.0769475570133,0.862549800797,0.883040935673,0.845849802372,0.440585567493,0.411506622517,0.389707644381,117.456217531

Returned AUC 0.446990996419
Returned AUC 0.424917218543
Returned AUC 0.413251857177
450,0.0684794768533,0.0583306598304,0.0770225716284,0.862549800797,0.883040935673,0.845849802372,0.446990996419,0.424917218543,0.413251857177,132.112458978

Returned AUC 0.428711885397
Returned AUC 0.417218543046
Returned AUC 0.412053678409
500,0.0683784582307,0.0582414546056,0.0768757351136,0.862549800797,0.883040935673,0.845849802372,0.428711885397,0.417218543046,0.412053678409,146.946426336

Returned AUC 0.393111758209
Returned AUC 0.385430463576
Returned AUC 0.349628564582
550,0.0682598949961,0.0582425844511,0.0768361692604,0.862549800797,0.883040935673,0.845849802372,0.393111758209,0.385430463576,0.349628564582,161.86028421

Returned AUC 0.395806138501
Returned AUC 0.390976821192
Returned AUC 0.382518571771
600,0.0681366686598,0.0581773411438,0.076639037111,0.862549800797,0.883040935673,0.845849802372,0.395806138501,0.390976821192,0.382518571771,176.903551159

Returned AUC 0.398918900827
Returned AUC 0.398965231788
Returned AUC 0.383237479032
650,0.068206321112,0.0581460310873,0.0766234165276,0.862549800797,0.883040935673,0.845849802372,0.398918900827,0.398965231788,0.383237479032,191.892116423

Returned AUC 0.398232754293
Returned AUC 0.398592715232
Returned AUC 0.41049604601
700,0.0682220539884,0.0581626204088,0.0765098199818,0.862549800797,0.883040935673,0.845849802372,0.398232754293,0.398592715232,0.41049604601,207.34309404

