Using seed 653091685

Error results for GA_20_20_20
---------------------------
Returned AUC 0.423561602571
Returned AUC 0.459023178808
Returned AUC 0.486879942487
0,0.187204109682,0.194569556214,0.187514268196,0.334661354582,0.30701754386,0.363636363636,0.423561602571,0.459023178808,0.486879942487,0.215314177

Returned AUC 0.429598855307
Returned AUC 0.401821192053
Returned AUC 0.31380301941
50,0.0676376957263,0.0574654593616,0.0769081554706,0.862549800797,0.883040935673,0.845849802372,0.429598855307,0.401821192053,0.31380301941,11.159535509

Returned AUC 0.52294407069
Returned AUC 0.451283112583
Returned AUC 0.383057752217
100,0.0649019257859,0.056208105736,0.0763964586329,0.861553784861,0.885964912281,0.841897233202,0.52294407069,0.451283112583,0.383057752217,22.24576023

Returned AUC 0.487942229809
Returned AUC 0.469743377483
Returned AUC 0.368679606997
150,0.0663879653397,0.0571903192936,0.0762667783811,0.862549800797,0.883040935673,0.845849802372,0.487942229809,0.469743377483,0.368679606997,33.17170496

Returned AUC 0.499702948757
Returned AUC 0.492839403974
Returned AUC 0.390606278457
200,0.0670571941338,0.0573719056845,0.0765752768883,0.862549800797,0.883040935673,0.845849802372,0.499702948757,0.492839403974,0.390606278457,44.058767905

Returned AUC 0.427803996385
Returned AUC 0.41303807947
Returned AUC 0.330218068536
250,0.0674736120671,0.0576691195522,0.0772146853892,0.862549800797,0.883040935673,0.845849802372,0.427803996385,0.41303807947,0.330218068536,55.038161059

Returned AUC 0.418386216822
Returned AUC 0.40869205298
Returned AUC 0.309609393722
300,0.0675345269626,0.0580293214875,0.0772926166173,0.860557768924,0.880116959064,0.845849802372,0.418386216822,0.40869205298,0.309609393722,65.931577278

Returned AUC 0.44561451953
Returned AUC 0.431043046358
Returned AUC 0.329798705967
350,0.0671999069607,0.0577952466203,0.0763088720391,0.861553784861,0.883040935673,0.845849802372,0.44561451953,0.431043046358,0.329798705967,76.830980615

Returned AUC 0.502639990628
Returned AUC 0.469122516556
Returned AUC 0.375868679607
400,0.0663563180203,0.0571616793789,0.0753355307788,0.862549800797,0.883040935673,0.845849802372,0.502639990628,0.469122516556,0.375868679607,87.867271315

Returned AUC 0.455141078422
Returned AUC 0.419619205298
Returned AUC 0.315839923317
450,0.0682337537132,0.0591705643634,0.0766006712594,0.858565737052,0.877192982456,0.845849802372,0.455141078422,0.419619205298,0.315839923317,98.904751058

Returned AUC 0.440911905479
Returned AUC 0.418998344371
Returned AUC 0.326383896477
500,0.0689900865801,0.0600712045695,0.0774001448563,0.854581673307,0.874269005848,0.841897233202,0.440911905479,0.418998344371,0.326383896477,109.850339926

Returned AUC 0.391743648961
Returned AUC 0.351862582781
Returned AUC 0.291756530074
550,0.0793344954452,0.074077617669,0.0830158313927,0.828685258964,0.83918128655,0.830039525692,0.391743648961,0.351862582781,0.291756530074,120.772410602

Returned AUC 0.431874853566
Returned AUC 0.419163907285
Returned AUC 0.312125569135
600,0.0674688539715,0.0578249798797,0.0773607210188,0.862549800797,0.883040935673,0.841897233202,0.431874853566,0.419163907285,0.312125569135,131.707508876

Returned AUC 0.464278542022
Returned AUC 0.438493377483
Returned AUC 0.356338365684
650,0.0680594397979,0.0585583213404,0.0770977092652,0.859561752988,0.883040935673,0.841897233202,0.464278542022,0.438493377483,0.356338365684,142.728256809

Returned AUC 0.457467282525
Returned AUC 0.434354304636
Returned AUC 0.333932422717
700,0.0677904160505,0.0581871880549,0.0769521740686,0.858565737052,0.880116959064,0.841897233202,0.457467282525,0.434354304636,0.333932422717,153.761393671

Returned AUC 0.488147237005
Returned AUC 0.462168874172
Returned AUC 0.363946800863
750,0.067533476103,0.0577528413875,0.0765588163752,0.861553784861,0.883040935673,0.841897233202,0.488147237005,0.462168874172,0.363946800863,164.785689828

Returned AUC 0.496820296549
Returned AUC 0.439735099338
Returned AUC 0.354780733285
800,0.0658107210608,0.0569993617701,0.0769271373242,0.862549800797,0.883040935673,0.841897233202,0.496820296549,0.439735099338,0.354780733285,176.920653848

Returned AUC 0.548410985039
Returned AUC 0.537458609272
Returned AUC 0.428828181165
850,0.0627702897239,0.0560734461056,0.0751811187567,0.864541832669,0.880116959064,0.841897233202,0.548410985039,0.537458609272,0.428828181165,187.958548069

Returned AUC 0.47312732202
Returned AUC 0.450413907285
Returned AUC 0.345854301462
900,0.0664869664819,0.0574370766821,0.0766830944414,0.861553784861,0.880116959064,0.845849802372,0.47312732202,0.450413907285,0.345854301462,198.338834222

Returned AUC 0.43711718044
Returned AUC 0.422392384106
Returned AUC 0.339623771867
950,0.06793673701,0.0579598606326,0.0764247634214,0.859561752988,0.877192982456,0.845849802372,0.43711718044,0.422392384106,0.339623771867,208.715718766

Returned AUC 0.477921980118
Returned AUC 0.456084437086
Returned AUC 0.369877785766
1000,0.0676626140216,0.0572145270129,0.0765978499016,0.862549800797,0.883040935673,0.845849802372,0.477921980118,0.456084437086,0.369877785766,219.80405999

Returned AUC 0.44688221709
Returned AUC 0.440190397351
Returned AUC 0.358435178529
1050,0.0674738519709,0.0568977269439,0.0764402995228,0.862549800797,0.883040935673,0.845849802372,0.44688221709,0.440190397351,0.358435178529,230.872934093

Returned AUC 0.52028734478
Returned AUC 0.54321192053
Returned AUC 0.443685597891
1100,0.0650632947668,0.054723074953,0.074860712071,0.861553784861,0.885964912281,0.845849802372,0.52028734478,0.54321192053,0.443685597891,241.860697429

Returned AUC 0.582877296917
Returned AUC 0.608443708609
Returned AUC 0.494069015097
1150,0.0626324135661,0.0526472523667,0.072262266405,0.861553784861,0.885964912281,0.845849802372,0.582877296917,0.608443708609,0.494069015097,252.889854074

Returned AUC 0.574233524116
Returned AUC 0.604635761589
Returned AUC 0.488856937455
1200,0.0628720098606,0.0526068740335,0.0723367793792,0.860557768924,0.885964912281,0.845849802372,0.574233524116,0.604635761589,0.488856937455,263.732684373

Returned AUC 0.514643371155
Returned AUC 0.534064569536
Returned AUC 0.42181883537
1250,0.0659093629159,0.0557629580559,0.075399206815,0.861553784861,0.883040935673,0.845849802372,0.514643371155,0.534064569536,0.42181883537,274.431634779

Returned AUC 0.564874318037
Returned AUC 0.568832781457
Returned AUC 0.471423436377
1300,0.0634442974239,0.0538320366881,0.0739881016675,0.861553784861,0.877192982456,0.841897233202,0.564874318037,0.568832781457,0.471423436377,285.250568648

Returned AUC 0.514588981491
Returned AUC 0.520612582781
Returned AUC 0.422358015816
1350,0.0663930333487,0.0552183029189,0.0760604604784,0.862549800797,0.885964912281,0.845849802372,0.514588981491,0.520612582781,0.422358015816,296.228656608

Returned AUC 0.494573585032
Returned AUC 0.508816225166
Returned AUC 0.388329738797
1400,0.0663884387728,0.0557373643679,0.0764601353918,0.863545816733,0.885964912281,0.845849802372,0.494573585032,0.508816225166,0.388329738797,307.24805407

Returned AUC 0.462567359507
Returned AUC 0.433360927152
Returned AUC 0.366283249461
1450,0.0679070674262,0.0576205166187,0.0778273371602,0.861553784861,0.883040935673,0.845849802372,0.462567359507,0.433360927152,0.366283249461,318.303861175

Returned AUC 0.495385246176
Returned AUC 0.50951986755
Returned AUC 0.386232925953
1500,0.0668845810602,0.0567610268191,0.0766324842595,0.862549800797,0.883040935673,0.845849802372,0.495385246176,0.50951986755,0.386232925953,329.349597172

Returned AUC 0.502493556917
Returned AUC 0.475910596026
Returned AUC 0.393601725377
1550,0.0676720295716,0.0581182351619,0.0767010460398,0.862549800797,0.883040935673,0.845849802372,0.502493556917,0.475910596026,0.393601725377,340.425493242

Returned AUC 0.563280282492
Returned AUC 0.555380794702
Returned AUC 0.46411454589
1600,0.0658217123897,0.0553821775495,0.0768755268714,0.862549800797,0.883040935673,0.841897233202,0.563280282492,0.555380794702,0.46411454589,351.367235951

Returned AUC 0.540415704388
Returned AUC 0.514569536424
Returned AUC 0.434399712437
1650,0.0664044723494,0.0566233030327,0.076475491318,0.860557768924,0.883040935673,0.845849802372,0.540415704388,0.514569536424,0.434399712437,362.556238222

Returned AUC 0.540892659906
Returned AUC 0.536506622517
Returned AUC 0.457045291157
1700,0.0664455514511,0.0566950107384,0.0759881738964,0.862549800797,0.883040935673,0.845849802372,0.540892659906,0.536506622517,0.457045291157,373.667456125

Returned AUC 0.540118653145
Returned AUC 0.560720198675
Returned AUC 0.486340762042
1750,0.0666845469001,0.0565540941591,0.0753924488407,0.862549800797,0.883040935673,0.845849802372,0.540118653145,0.560720198675,0.486340762042,385.356343233

Returned AUC 0.607511631021
Returned AUC 0.628725165563
Returned AUC 0.551401869159
1800,0.0621247054737,0.0515367150989,0.0721759283124,0.860557768924,0.880116959064,0.830039525692,0.607511631021,0.628725165563,0.551401869159,398.894667819

Returned AUC 0.660298892124
Returned AUC 0.713203642384
Returned AUC 0.631260484064
1850,0.0566642999987,0.0478567059747,0.0663744182638,0.873505976096,0.888888888889,0.833992094862,0.660298892124,0.713203642384,0.631260484064,410.592290342

Returned AUC 0.644366904308
Returned AUC 0.693170529801
Returned AUC 0.602084831057
1900,0.0593686749089,0.0510373429717,0.0662840353103,0.865537848606,0.874269005848,0.845849802372,0.644366904308,0.693170529801,0.602084831057,421.752790678

Returned AUC 0.684288917897
Returned AUC 0.719991721854
Returned AUC 0.624311047208
1950,0.0571358205395,0.0483051911309,0.0681612148226,0.863545816733,0.883040935673,0.822134387352,0.684288917897,0.719991721854,0.624311047208,432.864489858

Returned AUC 0.698170833752
Returned AUC 0.730132450331
Returned AUC 0.632878025401
2000,0.0569549607212,0.04688183299,0.0607908331699,0.869521912351,0.885964912281,0.853754940711,0.698170833752,0.730132450331,0.632878025401,444.230077068

Returned AUC 0.671553368812
Returned AUC 0.712831125828
Returned AUC 0.643481907501
2050,0.0584274870992,0.0503720614448,0.0653604489312,0.863545816733,0.877192982456,0.845849802372,0.671553368812,0.712831125828,0.643481907501,455.363688128

Returned AUC 0.664394852227
Returned AUC 0.696440397351
Returned AUC 0.650071890726
2100,0.0583932275827,0.0485427722393,0.0642218568251,0.867529880478,0.885964912281,0.841897233202,0.664394852227,0.696440397351,0.650071890726,466.644284465

Returned AUC 0.697543260702
Returned AUC 0.708236754967
Returned AUC 0.670500838725
2150,0.0560089231685,0.0463246683685,0.0635527972561,0.876494023904,0.894736842105,0.841897233202,0.697543260702,0.708236754967,0.670500838725,477.757154807

Returned AUC 0.661608427888
Returned AUC 0.660637417219
Returned AUC 0.657800143781
2200,0.0584513231448,0.0488271475189,0.0642208745674,0.862549800797,0.880116959064,0.853754940711,0.661608427888,0.660637417219,0.657800143781,489.227048638

Returned AUC 0.659721524919
Returned AUC 0.676407284768
Returned AUC 0.635334291876
2250,0.0606810249816,0.0520364313347,0.0691649660316,0.861553784861,0.883040935673,0.841897233202,0.659721524919,0.676407284768,0.635334291876,500.381165265

Returned AUC 0.643496669679
Returned AUC 0.668501655629
Returned AUC 0.613647256171
2300,0.0620983815422,0.0539542524642,0.0692751257787,0.860557768924,0.883040935673,0.841897233202,0.643496669679,0.668501655629,0.613647256171,511.500759989

Returned AUC 0.618004652408
Returned AUC 0.640107615894
Returned AUC 0.632219027079
2350,0.0636364688208,0.0551133838054,0.0684565365169,0.856573705179,0.883040935673,0.849802371542,0.618004652408,0.640107615894,0.632219027079,523.165898847

Returned AUC 0.575388258527
Returned AUC 0.599048013245
Returned AUC 0.568775461299
2400,0.0647753999105,0.0555321860849,0.0688121924025,0.858565737052,0.883040935673,0.849802371542,0.575388258527,0.599048013245,0.568775461299,534.309517284

Returned AUC 0.53981323426
Returned AUC 0.53832781457
Returned AUC 0.55248023005
2450,0.0663865002487,0.0571394134535,0.0721824109166,0.860557768924,0.877192982456,0.845849802372,0.53981323426,0.53832781457,0.55248023005,545.418182242

Returned AUC 0.621058841249
Returned AUC 0.637375827815
Returned AUC 0.633537023724
2500,0.0643335445694,0.0543473188632,0.0683266316883,0.854581673307,0.883040935673,0.841897233202,0.621058841249,0.637375827815,0.633537023724,556.617706421

Returned AUC 0.619180305921
Returned AUC 0.63642384106
Returned AUC 0.633596932662
2550,0.0651763699739,0.0550853674305,0.0681737660251,0.858565737052,0.883040935673,0.841897233202,0.619180305921,0.63642384106,0.633596932662,567.771364132

Returned AUC 0.65250861867
Returned AUC 0.695364238411
Returned AUC 0.625269590223
2600,0.061943178296,0.0514157868748,0.0628958254409,0.851593625498,0.868421052632,0.857707509881,0.65250861867,0.695364238411,0.625269590223,578.888272406

Returned AUC 0.71880961944
Returned AUC 0.747102649007
Returned AUC 0.685478073329
2650,0.0623983020153,0.0481540665044,0.0610437876632,0.844621513944,0.883040935673,0.857707509881,0.71880961944,0.747102649007,0.685478073329,590.073365521

Returned AUC 0.709278876728
Returned AUC 0.760844370861
Returned AUC 0.694224778337
2700,0.0636753612261,0.0533364789749,0.0602895766823,0.84561752988,0.859649122807,0.857707509881,0.709278876728,0.760844370861,0.694224778337,601.238814365

Returned AUC 0.71006961877
Returned AUC 0.769660596026
Returned AUC 0.664030673376
2750,0.0628442685344,0.0502278387193,0.060411867705,0.839641434263,0.87134502924,0.865612648221,0.71006961877,0.769660596026,0.664030673376,612.326803194

Returned AUC 0.671929912642
Returned AUC 0.708443708609
Returned AUC 0.629822669542
2800,0.0663283433381,0.0538537796052,0.0627913340173,0.843625498008,0.868421052632,0.861660079051,0.671929912642,0.708443708609,0.629822669542,623.422247845

Returned AUC 0.63982745925
Returned AUC 0.703021523179
Returned AUC 0.616343158399
2850,0.0656724031901,0.0529202726593,0.065070336176,0.851593625498,0.874269005848,0.869565217391,0.63982745925,0.703021523179,0.616343158399,634.588759781

Returned AUC 0.607812866084
Returned AUC 0.582201986755
Returned AUC 0.581895518811
2900,0.0707768795588,0.0577451848978,0.069765249795,0.844621513944,0.87134502924,0.833992094862,0.607812866084,0.582201986755,0.581895518811,645.69053312

Returned AUC 0.670323325635
Returned AUC 0.693543046358
Returned AUC 0.616642703091
2950,0.0705696740968,0.0607636425749,0.0694392749587,0.832669322709,0.865497076023,0.837944664032,0.670323325635,0.693543046358,0.616642703091,656.788260286

Returned AUC 0.689623288817
Returned AUC 0.710927152318
Returned AUC 0.643182362809
3000,0.0662573112641,0.0587135128287,0.0627905083137,0.849601593625,0.868421052632,0.861660079051,0.689623288817,0.710927152318,0.643182362809,667.941963513

Returned AUC 0.714312012585
Returned AUC 0.740438741722
Returned AUC 0.679966450994
3050,0.0603549738572,0.0523267986116,0.0582280167546,0.853585657371,0.862573099415,0.869565217391,0.714312012585,0.740438741722,0.679966450994,679.031714348

Returned AUC 0.74619690732
Returned AUC 0.764321192053
Returned AUC 0.677030913012
3100,0.0577286526853,0.0460448033534,0.0610665247791,0.854581673307,0.874269005848,0.861660079051,0.74619690732,0.764321192053,0.677030913012,690.102883344

Returned AUC 0.720863875222
Returned AUC 0.726324503311
Returned AUC 0.674155283968
3150,0.0567224022041,0.0463057613077,0.0604743966037,0.869521912351,0.888888888889,0.865612648221,0.720863875222,0.726324503311,0.674155283968,701.174158814

Returned AUC 0.744322555812
Returned AUC 0.772102649007
Returned AUC 0.691169422478
3200,0.0552835422984,0.0434370310216,0.0569139850423,0.866533864542,0.883040935673,0.873517786561,0.744322555812,0.772102649007,0.691169422478,712.241370929

Returned AUC 0.741389697761
Returned AUC 0.761341059603
Returned AUC 0.702671938653
3250,0.0546505368062,0.0465368521162,0.0621654886648,0.867529880478,0.885964912281,0.853754940711,0.741389697761,0.761341059603,0.702671938653,723.344370881

Returned AUC 0.774115540382
Returned AUC 0.777814569536
Returned AUC 0.716990174934
3300,0.0569492385601,0.0480544339679,0.0620908911363,0.865537848606,0.888888888889,0.849802371542,0.774115540382,0.777814569536,0.716990174934,734.499822301

Returned AUC 0.756773605114
Returned AUC 0.767466887417
Returned AUC 0.685777618021
3350,0.0567273578016,0.0449825226014,0.062187745778,0.864541832669,0.90350877193,0.845849802372,0.756773605114,0.767466887417,0.685777618021,745.650812932

Returned AUC 0.764333768451
Returned AUC 0.792963576159
Returned AUC 0.690570333094
3400,0.0553763473094,0.0447365739032,0.0628441953099,0.861553784861,0.897660818713,0.849802371542,0.764333768451,0.792963576159,0.690570333094,756.810785928

Returned AUC 0.762124711316
Returned AUC 0.782491721854
Returned AUC 0.72507788162
3450,0.0540111300427,0.043721041483,0.061314340561,0.872509960159,0.900584795322,0.861660079051,0.762124711316,0.782491721854,0.72507788162,767.98602265

Returned AUC 0.768341868327
Returned AUC 0.772268211921
Returned AUC 0.685118619698
3500,0.0550006694009,0.0457409713356,0.0647741938066,0.865537848606,0.891812865497,0.845849802372,0.768341868327,0.772268211921,0.685118619698,779.215647272

Returned AUC 0.740465073468
Returned AUC 0.769619205298
Returned AUC 0.685298346513
3550,0.0526710762565,0.0451978477908,0.0707324346405,0.868525896414,0.897660818713,0.818181818182,0.740465073468,0.769619205298,0.685298346513,790.308281514

Returned AUC 0.745205341902
Returned AUC 0.744246688742
Returned AUC 0.68769470405
3600,0.05198717558,0.0443289217925,0.0685163497743,0.875498007968,0.897660818713,0.826086956522,0.745205341902,0.744246688742,0.68769470405,801.469384452

Returned AUC 0.722926498644
Returned AUC 0.712210264901
Returned AUC 0.651869158879
3650,0.0584567258215,0.0505758194185,0.0697810113854,0.867529880478,0.883040935673,0.857707509881,0.722926498644,0.712210264901,0.651869158879,812.522573964

Returned AUC 0.70461810088
Returned AUC 0.713658940397
Returned AUC 0.625509225977
3700,0.0586242090924,0.0505801719627,0.0706201059464,0.863545816733,0.880116959064,0.849802371542,0.70461810088,0.713658940397,0.625509225977,823.560609451

Returned AUC 0.705057402015
Returned AUC 0.690687086093
Returned AUC 0.634136113108
3750,0.058649686436,0.050830254503,0.0723863441225,0.871513944223,0.885964912281,0.841897233202,0.705057402015,0.690687086093,0.634136113108,834.628582901

Returned AUC 0.762902901898
Returned AUC 0.738493377483
Returned AUC 0.721842798946
3800,0.0508643645873,0.0441663801728,0.0624975932828,0.879482071713,0.90350877193,0.841897233202,0.762902901898,0.738493377483,0.721842798946,845.726132238

Returned AUC 0.767354486729
Returned AUC 0.780794701987
Returned AUC 0.748921639109
3850,0.0511820977928,0.0440018369147,0.0599531529453,0.875498007968,0.897660818713,0.849802371542,0.767354486729,0.780794701987,0.748921639109,856.794779161

Returned AUC 0.749246912341
Returned AUC 0.758733443709
Returned AUC 0.750479271507
3900,0.0508310792612,0.0435857933665,0.0604543223214,0.882470119522,0.894736842105,0.849802371542,0.749246912341,0.758733443709,0.750479271507,867.871012717

Returned AUC 0.743895806139
Returned AUC 0.730546357616
Returned AUC 0.711238916846
3950,0.0519097571651,0.0429179315748,0.0607587155759,0.884462151394,0.90350877193,0.865612648221,0.743895806139,0.730546357616,0.711238916846,879.090009525

Returned AUC 0.744958496502
Returned AUC 0.709892384106
Returned AUC 0.690750059909
4000,0.0530850858506,0.0447426478847,0.0629040651483,0.881474103586,0.90350877193,0.857707509881,0.744958496502,0.709892384106,0.690750059909,891.027808702

Returned AUC 0.761622652877
Returned AUC 0.779139072848
Returned AUC 0.733704768751
4050,0.0520426607376,0.0448047997696,0.0598351763118,0.880478087649,0.894736842105,0.861660079051,0.761622652877,0.779139072848,0.733704768751,903.955910951

Returned AUC 0.748966596378
Returned AUC 0.737913907285
Returned AUC 0.711358734723
4100,0.0512462939826,0.0433427754561,0.0589569729913,0.877490039841,0.897660818713,0.861660079051,0.748966596378,0.737913907285,0.711358734723,917.034788326

Returned AUC 0.763739665964
Returned AUC 0.79701986755
Returned AUC 0.721902707884
4150,0.0537452510319,0.0470797339622,0.0633642345599,0.874501992032,0.885964912281,0.849802371542,0.763739665964,0.79701986755,0.721902707884,928.19062736

Returned AUC 0.766442413897
Returned AUC 0.784933774834
Returned AUC 0.709142104002
4200,0.0586218873694,0.0481786322679,0.0642908045495,0.858565737052,0.885964912281,0.857707509881,0.766442413897,0.784933774834,0.709142104002,939.240731447

Returned AUC 0.757677310306
Returned AUC 0.784188741722
Returned AUC 0.708782650371
4250,0.053159402714,0.0488134412828,0.0604210988128,0.873505976096,0.883040935673,0.869565217391,0.757677310306,0.784188741722,0.708782650371,950.410394779

Returned AUC 0.753204806373
Returned AUC 0.746771523179
Returned AUC 0.714234363767
4300,0.0513259750119,0.0464687418684,0.0629106385982,0.881474103586,0.894736842105,0.857707509881,0.753204806373,0.746771523179,0.714234363767,961.684750004

Returned AUC 0.729444890719
Returned AUC 0.706912251656
Returned AUC 0.681823628085
4350,0.0520661322528,0.0472997058964,0.0644205260457,0.887450199203,0.894736842105,0.857707509881,0.729444890719,0.706912251656,0.681823628085,973.078246262

Returned AUC 0.747406031395
Returned AUC 0.75107615894
Returned AUC 0.69865803978
4400,0.0504003388375,0.04869262661,0.0680251865879,0.876494023904,0.880116959064,0.837944664032,0.747406031395,0.75107615894,0.69865803978,984.132933969

Returned AUC 0.742544432172
Returned AUC 0.748509933775
Returned AUC 0.686796069974
4450,0.0504915674603,0.0489379346337,0.0694526742515,0.882470119522,0.888888888889,0.837944664032,0.742544432172,0.748509933775,0.686796069974,995.308137168

Returned AUC 0.755543561937
Returned AUC 0.750165562914
Returned AUC 0.694943685598
4500,0.0528839915167,0.049738357639,0.0663466989585,0.874501992032,0.883040935673,0.849802371542,0.755543561937,0.750165562914,0.694943685598,1006.47420334

Returned AUC 0.734130769488
Returned AUC 0.726986754967
Returned AUC 0.690510424155
4550,0.0526215345906,0.0494968912885,0.0699802382153,0.879482071713,0.883040935673,0.841897233202,0.734130769488,0.726986754967,0.690510424155,1017.53576896

Returned AUC 0.749698764936
Returned AUC 0.74428807947
Returned AUC 0.686855978912
4600,0.0553339692988,0.0541098050123,0.0726274298128,0.870517928287,0.880116959064,0.826086956522,0.749698764936,0.74428807947,0.686855978912,1028.70993367

Returned AUC 0.702819058138
Returned AUC 0.709933774834
Returned AUC 0.643721543254
4650,0.0538744395474,0.0484334317936,0.0705580264631,0.879482071713,0.897660818713,0.845849802372,0.702819058138,0.709933774834,0.643721543254,1039.97896875

Returned AUC 0.721273889614
Returned AUC 0.712168874172
Returned AUC 0.693505871076
4700,0.0531899787648,0.0481417986504,0.0670289892473,0.878486055777,0.894736842105,0.853754940711,0.721273889614,0.712168874172,0.693505871076,1051.17065327

Returned AUC 0.721951668508
Returned AUC 0.668501655629
Returned AUC 0.639288281812
4750,0.0534596878062,0.0505671816664,0.0714966256638,0.875498007968,0.891812865497,0.837944664032,0.721951668508,0.668501655629,0.639288281812,1062.67401266

Returned AUC 0.722483013689
Returned AUC 0.706125827815
Returned AUC 0.643781452193
4800,0.0548700887172,0.052044773922,0.0724439638229,0.877490039841,0.880116959064,0.837944664032,0.722483013689,0.706125827815,0.643781452193,1073.94367059

Returned AUC 0.734624460287
Returned AUC 0.687044701987
Returned AUC 0.671639108555
4850,0.0547334584468,0.0505609597483,0.0711605832776,0.868525896414,0.891812865497,0.833992094862,0.734624460287,0.687044701987,0.671639108555,1085.13999164

Returned AUC 0.717592127724
Returned AUC 0.673427152318
Returned AUC 0.647915168943
4900,0.0551702591226,0.0509475274295,0.0713850249562,0.869521912351,0.894736842105,0.841897233202,0.717592127724,0.673427152318,0.647915168943,1096.13944978

Returned AUC 0.724093784517
Returned AUC 0.719619205298
Returned AUC 0.649712437096
4950,0.0517187065695,0.048909613102,0.0677111246677,0.883466135458,0.888888888889,0.849802371542,0.724093784517,0.719619205298,0.649712437096,1107.13095655

Returned AUC 0.735394283228
Returned AUC 0.719908940397
Returned AUC 0.642403546609
5000,0.0541752990073,0.0528045583325,0.0732481352582,0.870517928287,0.87134502924,0.841897233202,0.735394283228,0.719908940397,0.642403546609,1118.13641054

