Using seed 653091685

Error results for RHC
---------------------------
0,0.0433009398464,0.0411028896081,0.0448857543824,0.898406374502,0.897660818713,0.901185770751,0.0,0.0,0.0,0.010344013

10,0.0313029076266,0.0306173026037,0.0334464283947,0.932270916335,0.929824561404,0.940711462451,0.0,0.0,0.0,0.121915627

20,0.0310690532784,0.0303055954798,0.0331982518447,0.929282868526,0.929824561404,0.936758893281,0.0,0.0,0.0,0.229037594

30,0.0296497786154,0.0288210000338,0.0316342337096,0.93625498008,0.941520467836,0.944664031621,0.0,0.0,0.0,0.335240026

40,0.0262584175257,0.0257660753102,0.0282666422687,0.95219123506,0.950292397661,0.95256916996,0.0,0.0,0.0,0.44194241

50,0.0248756927445,0.0245418991766,0.0269987957078,0.955179282869,0.953216374269,0.95652173913,0.0,0.0,0.0,0.54804594

60,0.0239032477727,0.0236933554697,0.0262229186366,0.959163346614,0.956140350877,0.9604743083,0.0,0.0,0.0,0.655113603

70,0.0244813982026,0.0247771526917,0.0266541551862,0.956175298805,0.956140350877,0.95256916996,0.0,0.0,0.0,0.764606699

80,0.0181715590345,0.0182293997139,0.0202950483453,0.973107569721,0.964912280702,0.96442687747,0.0,0.0,0.0,0.873628243

90,0.0175351058904,0.0176012960133,0.0197522728693,0.974103585657,0.96783625731,0.96442687747,0.0,0.0,0.0,0.98222165

100,0.0171120115326,0.0169923896982,0.0192893925938,0.977091633466,0.970760233918,0.96442687747,0.0,0.0,0.0,1.090583791

110,0.0167943440524,0.016660096303,0.0189962474614,0.978087649402,0.970760233918,0.96442687747,0.0,0.0,0.0,1.200017346

120,0.0156175848602,0.0153931169916,0.0176529080331,0.982071713147,0.973684210526,0.96837944664,0.0,0.0,0.0,1.308111289

130,0.0132324788289,0.0127151497096,0.0148103109943,0.987051792829,0.988304093567,0.98023715415,0.0,0.0,0.0,1.416263611

140,0.0119302551057,0.0113446968506,0.013269239974,0.991035856574,0.991228070175,0.98023715415,0.0,0.0,0.0,1.527159949

150,0.0117094109295,0.0111715053744,0.01300994775,0.991035856574,0.991228070175,0.98023715415,0.0,0.0,0.0,1.63765206

160,0.0117289169135,0.0113067592299,0.0129411318423,0.991035856574,0.991228070175,0.98023715415,0.0,0.0,0.0,1.74430705

170,0.0115056037899,0.0110237862801,0.012763940392,0.990039840637,0.991228070175,0.98023715415,0.0,0.0,0.0,1.851626728

180,0.011020781835,0.0105908859312,0.0122919349668,0.991035856574,0.991228070175,0.98023715415,0.0,0.0,0.0,1.958398962

190,0.0109697650664,0.010580506473,0.012186997934,0.993027888446,0.991228070175,0.98418972332,0.0,0.0,0.0,2.065053061

200,0.00930846003304,0.00889874471524,0.0103350659648,0.994023904382,0.994152046784,0.99209486166,0.0,0.0,0.0,2.176018513

210,0.0091495651824,0.00865198588622,0.0102895537339,0.994023904382,0.994152046784,0.99209486166,0.0,0.0,0.0,2.283906979

220,0.00896293901351,0.00854128178291,0.0101491863813,0.994023904382,0.994152046784,0.99209486166,0.0,0.0,0.0,2.391562806

230,0.00756654184551,0.00709085755019,0.0083408070724,0.996015936255,0.994152046784,0.99604743083,0.0,0.0,0.0,2.499848659

240,0.00635766471177,0.00591793584567,0.00716227851326,0.998007968127,0.997076023392,1.0,0.0,0.0,0.0,2.604986142

250,0.00539497256548,0.00495589599491,0.00624093527708,1.0,0.997076023392,1.0,0.0,0.0,0.0,2.709852073

260,0.00481632330658,0.00425449236597,0.00544271760386,1.0,0.997076023392,1.0,0.0,0.0,0.0,2.817955411

270,0.00454116705764,0.00409844592855,0.00525965258051,1.0,0.997076023392,1.0,0.0,0.0,0.0,2.923074337

280,0.00445278708082,0.0040045902636,0.00516420392479,1.0,1.0,1.0,0.0,0.0,0.0,3.031443903

290,0.00342028826637,0.0029074313962,0.00386932031667,1.0,1.0,1.0,0.0,0.0,0.0,3.140562118

300,0.00322704701525,0.00275157812284,0.00358441208134,1.0,1.0,1.0,0.0,0.0,0.0,3.248656793

310,0.00303972719676,0.00251312652299,0.0034328083437,1.0,1.0,1.0,0.0,0.0,0.0,3.357016738

320,0.00254258217115,0.00209554910311,0.00279692797143,1.0,1.0,1.0,0.0,0.0,0.0,3.465808763

330,0.00253952267391,0.00208934126713,0.00279730398126,1.0,1.0,1.0,0.0,0.0,0.0,3.573588616

340,0.0024435497338,0.0020138240588,0.00266691452697,1.0,1.0,1.0,0.0,0.0,0.0,3.683828525

350,0.00236236995165,0.00189715235521,0.00258181957195,1.0,1.0,1.0,0.0,0.0,0.0,3.791990225

360,0.00228039478173,0.00182916446267,0.00245077779082,1.0,1.0,1.0,0.0,0.0,0.0,3.899812149

370,0.00219552262811,0.00174353951938,0.00235783446668,1.0,1.0,1.0,0.0,0.0,0.0,4.002736227

380,0.00181941796148,0.00142443000046,0.00190666012733,1.0,1.0,1.0,0.0,0.0,0.0,4.105798396

390,0.00163360278219,0.00131009395117,0.00173969935437,1.0,1.0,1.0,0.0,0.0,0.0,4.2089129

400,0.00129977835992,0.00108538725418,0.00141854700022,1.0,1.0,1.0,0.0,0.0,0.0,4.312006274

410,0.0011707835317,0.000951696118078,0.00127024779336,1.0,1.0,1.0,0.0,0.0,0.0,4.415518659

420,0.00110580061409,0.000918181136625,0.00131792185399,1.0,1.0,1.0,0.0,0.0,0.0,4.52155441

430,0.00106422103732,0.000884929613962,0.00123445144759,1.0,1.0,1.0,0.0,0.0,0.0,4.625057867

440,0.00105351080821,0.000874647079855,0.00120380860214,1.0,1.0,1.0,0.0,0.0,0.0,4.728686632

450,0.000956637844797,0.000799375871591,0.00109027598288,1.0,1.0,1.0,0.0,0.0,0.0,4.83224505

460,0.000784913174478,0.00065455765557,0.00092371470322,1.0,1.0,1.0,0.0,0.0,0.0,4.937268436

470,0.000624953080408,0.00051788717173,0.000705818959818,1.0,1.0,1.0,0.0,0.0,0.0,5.042510358

480,0.000546742165549,0.000461081553048,0.000601736449933,1.0,1.0,1.0,0.0,0.0,0.0,5.147436335

490,0.0004600062619,0.000382940815842,0.000487467645403,1.0,1.0,1.0,0.0,0.0,0.0,5.252479239

500,0.000325960116792,0.00027809391531,0.000339350585391,1.0,1.0,1.0,0.0,0.0,0.0,5.357635101

510,0.000318398797016,0.000273892478294,0.000331618991303,1.0,1.0,1.0,0.0,0.0,0.0,5.461898134

520,0.000315252332375,0.000271924036404,0.000329065303268,1.0,1.0,1.0,0.0,0.0,0.0,5.565914308

530,0.000308577327293,0.000267283929501,0.000320579146666,1.0,1.0,1.0,0.0,0.0,0.0,5.670070617

540,0.000288923092519,0.000256876479627,0.000298064929035,1.0,1.0,1.0,0.0,0.0,0.0,5.774132904

550,0.00028464419382,0.000248551446598,0.000285822091166,1.0,1.0,1.0,0.0,0.0,0.0,5.880361685

560,0.000269582550686,0.000237088267983,0.000270892132395,1.0,1.0,1.0,0.0,0.0,0.0,5.986230496

570,0.00026499070215,0.000232640490617,0.00026010174356,1.0,1.0,1.0,0.0,0.0,0.0,6.091663195

580,0.00023866466952,0.000206345466576,0.000233188734862,1.0,1.0,1.0,0.0,0.0,0.0,6.197102467

590,0.000218306587329,0.000193794645797,0.000202395602713,1.0,1.0,1.0,0.0,0.0,0.0,6.302706047

600,0.000206609128295,0.000183336219237,0.00019241718311,1.0,1.0,1.0,0.0,0.0,0.0,6.408849107

610,0.00016971052532,0.000146713086376,0.000148476106597,1.0,1.0,1.0,0.0,0.0,0.0,6.51528742

620,0.000166274803816,0.000145254404464,0.000145008258209,1.0,1.0,1.0,0.0,0.0,0.0,6.621450629

630,0.000118802639278,9.87061028829e-05,0.000104902959192,1.0,1.0,1.0,0.0,0.0,0.0,6.727617929

640,0.000106299222801,8.38723446983e-05,9.59301199614e-05,1.0,1.0,1.0,0.0,0.0,0.0,6.834082229

650,0.000101955093409,8.1806070062e-05,9.36010690078e-05,1.0,1.0,1.0,0.0,0.0,0.0,6.939242939

660,8.59820503638e-05,6.58865101396e-05,7.67338356614e-05,1.0,1.0,1.0,0.0,0.0,0.0,7.044113303

670,6.94752642539e-05,5.33631706269e-05,5.89865181918e-05,1.0,1.0,1.0,0.0,0.0,0.0,7.149335525

680,6.38192257555e-05,4.9129159369e-05,5.51740915199e-05,1.0,1.0,1.0,0.0,0.0,0.0,7.254197205

690,5.8131589013e-05,4.40603302583e-05,5.17370954774e-05,1.0,1.0,1.0,0.0,0.0,0.0,7.359156475

700,5.30477583687e-05,4.03635105969e-05,4.63384851417e-05,1.0,1.0,1.0,0.0,0.0,0.0,7.464340842

710,5.24248441828e-05,3.88284763559e-05,4.85967575787e-05,1.0,1.0,1.0,0.0,0.0,0.0,7.569551726

720,4.9646445942e-05,3.67520993321e-05,4.65979878661e-05,1.0,1.0,1.0,0.0,0.0,0.0,7.674376631

730,5.78181731438e-05,4.26421205017e-05,5.24393460633e-05,1.0,1.0,1.0,0.0,0.0,0.0,7.77964659

740,4.07519256093e-05,2.71676980772e-05,3.76881394843e-05,1.0,1.0,1.0,0.0,0.0,0.0,7.884508182

750,3.79480100708e-05,2.3889242518e-05,3.44339281658e-05,1.0,1.0,1.0,0.0,0.0,0.0,7.989736205

760,3.56725375061e-05,2.2186379553e-05,3.28449844326e-05,1.0,1.0,1.0,0.0,0.0,0.0,8.094668148

770,3.55465566352e-05,2.20984638011e-05,3.27321921271e-05,1.0,1.0,1.0,0.0,0.0,0.0,8.199861336

780,3.46350212829e-05,2.13418787115e-05,3.1119957183e-05,1.0,1.0,1.0,0.0,0.0,0.0,8.304711725

790,3.17567125709e-05,1.92086801255e-05,2.80950233687e-05,1.0,1.0,1.0,0.0,0.0,0.0,8.410749551

800,3.05718261996e-05,1.79105636723e-05,2.69972279691e-05,1.0,1.0,1.0,0.0,0.0,0.0,8.51559895

810,2.97604717541e-05,1.75144365416e-05,2.68090220954e-05,1.0,1.0,1.0,0.0,0.0,0.0,8.620834819

820,2.17451326421e-05,1.16930889372e-05,1.51984743972e-05,1.0,1.0,1.0,0.0,0.0,0.0,8.72569426

830,2.11688700664e-05,1.08629102025e-05,1.68367288352e-05,1.0,1.0,1.0,0.0,0.0,0.0,8.830897954

840,1.71375616629e-05,9.88922131602e-06,1.55773127948e-05,1.0,1.0,1.0,0.0,0.0,0.0,8.935728462

850,1.43011981657e-05,8.04469845726e-06,1.26071290758e-05,1.0,1.0,1.0,0.0,0.0,0.0,9.040583904

860,1.38810008169e-05,7.75139441854e-06,1.30006214042e-05,1.0,1.0,1.0,0.0,0.0,0.0,9.145420459

870,1.35306868664e-05,7.41108354533e-06,1.219005259e-05,1.0,1.0,1.0,0.0,0.0,0.0,9.250368041

880,1.35830069815e-05,7.23760968178e-06,1.20038113551e-05,1.0,1.0,1.0,0.0,0.0,0.0,9.355222552

890,1.2514138421e-05,6.54090557458e-06,1.12227909563e-05,1.0,1.0,1.0,0.0,0.0,0.0,9.460109126

900,1.15938155779e-05,6.22264533077e-06,1.07452371491e-05,1.0,1.0,1.0,0.0,0.0,0.0,9.565035617

910,1.01971744199e-05,5.39939155131e-06,9.58318088491e-06,1.0,1.0,1.0,0.0,0.0,0.0,9.669888851

920,9.09391040191e-06,4.83919006368e-06,8.49858310467e-06,1.0,1.0,1.0,0.0,0.0,0.0,9.774762458

930,8.63533367715e-06,4.48636909006e-06,7.78464222886e-06,1.0,1.0,1.0,0.0,0.0,0.0,9.879723876

940,8.39233806243e-06,4.37830223983e-06,8.14930966789e-06,1.0,1.0,1.0,0.0,0.0,0.0,9.984877442

950,7.81447257456e-06,4.31658366855e-06,8.09588615492e-06,1.0,1.0,1.0,0.0,0.0,0.0,10.089674617

960,6.99947507366e-06,3.86174977344e-06,6.0385075326e-06,1.0,1.0,1.0,0.0,0.0,0.0,10.194641083

970,6.78556066412e-06,3.73629793924e-06,5.82575938465e-06,1.0,1.0,1.0,0.0,0.0,0.0,10.299535466

980,6.27878558749e-06,3.72504344923e-06,5.7186140474e-06,1.0,1.0,1.0,0.0,0.0,0.0,10.404355864

990,6.2901279953e-06,3.93821120604e-06,6.01439656862e-06,1.0,1.0,1.0,0.0,0.0,0.0,10.512326706

1000,5.05218695715e-06,3.10143023941e-06,5.0175331638e-06,1.0,1.0,1.0,0.0,0.0,0.0,10.617184461

1010,3.93527714824e-06,2.47887478847e-06,3.82002718102e-06,1.0,1.0,1.0,0.0,0.0,0.0,10.722030458

1020,3.8604265659e-06,2.46112581633e-06,3.77252250759e-06,1.0,1.0,1.0,0.0,0.0,0.0,10.827310185

1030,3.48823951175e-06,2.13351516497e-06,3.60338318687e-06,1.0,1.0,1.0,0.0,0.0,0.0,10.932139571

1040,3.23546473677e-06,1.9287151546e-06,3.54002232503e-06,1.0,1.0,1.0,0.0,0.0,0.0,11.036944338

1050,2.83042405188e-06,1.65482208248e-06,3.13105920418e-06,1.0,1.0,1.0,0.0,0.0,0.0,11.142556785

1060,2.7919241666e-06,1.60469295105e-06,3.07505889631e-06,1.0,1.0,1.0,0.0,0.0,0.0,11.247390656

1070,2.71755842525e-06,1.52758902215e-06,2.98607568166e-06,1.0,1.0,1.0,0.0,0.0,0.0,11.352695337

1080,2.71066490878e-06,1.52624986701e-06,2.97992540966e-06,1.0,1.0,1.0,0.0,0.0,0.0,11.457497394

1090,2.66833729134e-06,1.50067026463e-06,2.9044150992e-06,1.0,1.0,1.0,0.0,0.0,0.0,11.563697863

1100,2.50285397823e-06,1.38508577918e-06,2.59865597326e-06,1.0,1.0,1.0,0.0,0.0,0.0,11.668574609

1110,2.38484629021e-06,1.29006385676e-06,2.45119030081e-06,1.0,1.0,1.0,0.0,0.0,0.0,11.773812086

1120,2.28457553707e-06,1.27225974277e-06,2.39212044773e-06,1.0,1.0,1.0,0.0,0.0,0.0,11.878669223

1130,2.27980720549e-06,1.26271189873e-06,2.79996684861e-06,1.0,1.0,1.0,0.0,0.0,0.0,11.9839172

1140,2.03328620669e-06,1.33556290272e-06,1.99550134812e-06,1.0,1.0,1.0,0.0,0.0,0.0,12.093393313

1150,1.68722219221e-06,1.088423335e-06,1.71890445179e-06,1.0,1.0,1.0,0.0,0.0,0.0,12.202976323

1160,1.68531980485e-06,1.09044733843e-06,1.70451092383e-06,1.0,1.0,1.0,0.0,0.0,0.0,12.312566867

1170,1.6669243988e-06,1.08402548434e-06,1.70180213869e-06,1.0,1.0,1.0,0.0,0.0,0.0,12.422224376

1180,1.81637461061e-06,1.26187289832e-06,1.92283463099e-06,1.0,1.0,1.0,0.0,0.0,0.0,12.531659307

1190,1.5298753817e-06,9.83088285628e-07,1.40840375272e-06,1.0,1.0,1.0,0.0,0.0,0.0,12.641157038

1200,1.39548484384e-06,8.97683075429e-07,1.28273710114e-06,1.0,1.0,1.0,0.0,0.0,0.0,12.750603298

1210,1.32296989466e-06,8.19258761658e-07,1.16682033417e-06,1.0,1.0,1.0,0.0,0.0,0.0,12.860000486

1220,1.12489344655e-06,7.87385253618e-07,1.12867854501e-06,1.0,1.0,1.0,0.0,0.0,0.0,12.9694187

1230,1.03023415932e-06,7.33687529383e-07,1.02890243371e-06,1.0,1.0,1.0,0.0,0.0,0.0,13.07903062

1240,9.94661395133e-07,7.01861341519e-07,9.94692368558e-07,1.0,1.0,1.0,0.0,0.0,0.0,13.188551518

1250,1.032168098e-06,7.5697974841e-07,1.0524132386e-06,1.0,1.0,1.0,0.0,0.0,0.0,13.298112617

1260,7.82292028177e-07,6.20885836165e-07,9.30701777988e-07,1.0,1.0,1.0,0.0,0.0,0.0,13.407755235

1270,7.70551498611e-07,6.12012158505e-07,8.75836349282e-07,1.0,1.0,1.0,0.0,0.0,0.0,13.517645817

1280,7.68599396432e-07,6.10110970535e-07,8.7372798392e-07,1.0,1.0,1.0,0.0,0.0,0.0,13.627047901

1290,5.64926849297e-07,5.98058856278e-07,6.78249949675e-07,1.0,1.0,1.0,0.0,0.0,0.0,13.736497665

1300,5.37516215416e-07,5.67334363242e-07,6.54231881948e-07,1.0,1.0,1.0,0.0,0.0,0.0,13.845881544

1310,5.31699574466e-07,5.4421285596e-07,6.36480046559e-07,1.0,1.0,1.0,0.0,0.0,0.0,13.95530471

1320,4.3361547183e-07,4.16858160991e-07,5.02862977135e-07,1.0,1.0,1.0,0.0,0.0,0.0,14.064745317

1330,4.13529124643e-07,3.82110438026e-07,5.01069589632e-07,1.0,1.0,1.0,0.0,0.0,0.0,14.174111612

1340,3.85832417904e-07,4.04751181795e-07,6.26026404111e-07,1.0,1.0,1.0,0.0,0.0,0.0,14.283605173

1350,3.46152661745e-07,3.7200222307e-07,5.26283601475e-07,1.0,1.0,1.0,0.0,0.0,0.0,14.393059977

1360,2.64228282009e-07,2.72067708037e-07,3.64048408855e-07,1.0,1.0,1.0,0.0,0.0,0.0,14.502490005

1370,2.61940897e-07,2.70250057417e-07,3.53142087646e-07,1.0,1.0,1.0,0.0,0.0,0.0,14.61184387

1380,2.32540725539e-07,2.49295855837e-07,3.3537459758e-07,1.0,1.0,1.0,0.0,0.0,0.0,14.721281922

1390,2.06995250305e-07,2.44428587131e-07,3.29426266634e-07,1.0,1.0,1.0,0.0,0.0,0.0,14.830679662

1400,1.95320896689e-07,2.40718463142e-07,3.23869177686e-07,1.0,1.0,1.0,0.0,0.0,0.0,14.940057876

1410,1.61724817282e-07,2.0040700683e-07,2.7877435384e-07,1.0,1.0,1.0,0.0,0.0,0.0,15.049509188

1420,1.50865568467e-07,1.95523002468e-07,2.65133329237e-07,1.0,1.0,1.0,0.0,0.0,0.0,15.158925558

1430,1.49974512869e-07,1.93503618724e-07,2.62709344807e-07,1.0,1.0,1.0,0.0,0.0,0.0,15.264477744

1440,1.18000087891e-07,1.9814731085e-07,1.86181475086e-07,1.0,1.0,1.0,0.0,0.0,0.0,15.37030858

1450,1.11262941655e-07,1.96424039342e-07,1.8296805281e-07,1.0,1.0,1.0,0.0,0.0,0.0,15.475183453

1460,7.53101716039e-08,1.28812201939e-07,1.49208791372e-07,1.0,1.0,1.0,0.0,0.0,0.0,15.580023091

1470,7.05183634556e-08,1.1330958897e-07,1.46694564209e-07,1.0,1.0,1.0,0.0,0.0,0.0,15.684827631

1480,2.8924448217e-08,2.73098545309e-08,2.74076141476e-08,1.0,1.0,1.0,0.0,0.0,0.0,15.790231414

1490,2.6983011296e-08,2.62705310938e-08,2.66242319596e-08,1.0,1.0,1.0,0.0,0.0,0.0,15.900627908

1500,2.15007858127e-08,1.99509755813e-08,2.31929428224e-08,1.0,1.0,1.0,0.0,0.0,0.0,16.005543727

1510,1.99130503751e-08,1.81661648584e-08,2.00783079411e-08,1.0,1.0,1.0,0.0,0.0,0.0,16.110815664

1520,1.91946593513e-08,1.99134300505e-08,1.82485846315e-08,1.0,1.0,1.0,0.0,0.0,0.0,16.221139029

1530,1.83406556194e-08,1.81699692347e-08,1.88840286319e-08,1.0,1.0,1.0,0.0,0.0,0.0,16.326025054

1540,1.80194614182e-08,1.74667497605e-08,1.79937784227e-08,1.0,1.0,1.0,0.0,0.0,0.0,16.439352973

1550,9.47131565321e-09,7.54788756259e-09,9.11238641718e-09,1.0,1.0,1.0,0.0,0.0,0.0,16.549920349

1560,7.17979885785e-09,5.83853955097e-09,6.71835251631e-09,1.0,1.0,1.0,0.0,0.0,0.0,16.661970435

1570,6.63888130477e-09,5.53042289357e-09,6.44373014785e-09,1.0,1.0,1.0,0.0,0.0,0.0,16.773219689

1580,6.03203913944e-09,5.20466960067e-09,5.81291065042e-09,1.0,1.0,1.0,0.0,0.0,0.0,16.88254057

1590,5.24322735332e-09,4.78162870012e-09,5.65193875436e-09,1.0,1.0,1.0,0.0,0.0,0.0,16.992754156

1600,4.18860474171e-09,3.81220994084e-09,4.48659446344e-09,1.0,1.0,1.0,0.0,0.0,0.0,17.098246517

1610,3.81049781679e-09,3.74853782067e-09,4.3646903471e-09,1.0,1.0,1.0,0.0,0.0,0.0,17.20402658

1620,3.05188397662e-09,3.38479624486e-09,3.46003594921e-09,1.0,1.0,1.0,0.0,0.0,0.0,17.312897395

1630,2.77764500645e-09,3.13103554211e-09,3.28343352071e-09,1.0,1.0,1.0,0.0,0.0,0.0,17.418640755

1640,2.71822088591e-09,3.1185276052e-09,3.26355187812e-09,1.0,1.0,1.0,0.0,0.0,0.0,17.52342351

1650,2.68923584595e-09,3.08481857448e-09,3.22184524227e-09,1.0,1.0,1.0,0.0,0.0,0.0,17.630092117

1660,2.71857041652e-09,3.14377276522e-09,3.23228770288e-09,1.0,1.0,1.0,0.0,0.0,0.0,17.734942066

1670,2.1797502838e-09,2.95017227727e-09,2.77333640057e-09,1.0,1.0,1.0,0.0,0.0,0.0,17.840462123

1680,2.13072938696e-09,2.90642632725e-09,2.69694022191e-09,1.0,1.0,1.0,0.0,0.0,0.0,17.946838461

1690,2.01322789767e-09,2.72838204896e-09,2.57776729596e-09,1.0,1.0,1.0,0.0,0.0,0.0,18.052583474

1700,2.01121717297e-09,2.72617662116e-09,2.57758265122e-09,1.0,1.0,1.0,0.0,0.0,0.0,18.157452103

1710,1.99741943874e-09,2.28471386825e-09,2.64020404928e-09,1.0,1.0,1.0,0.0,0.0,0.0,18.266231011

1720,1.81035534774e-09,2.20457299765e-09,2.53410654294e-09,1.0,1.0,1.0,0.0,0.0,0.0,18.37123796

1730,1.70559533304e-09,2.00284698268e-09,2.31441229636e-09,1.0,1.0,1.0,0.0,0.0,0.0,18.4761868

1740,1.22991582649e-09,1.79199825646e-09,1.72873174705e-09,1.0,1.0,1.0,0.0,0.0,0.0,18.581513174

1750,1.05348190261e-09,1.57063946736e-09,1.62075456723e-09,1.0,1.0,1.0,0.0,0.0,0.0,18.68650859

1760,1.0079381898e-09,1.59215778676e-09,1.60090845394e-09,1.0,1.0,1.0,0.0,0.0,0.0,18.791449561

1770,7.65255493368e-10,1.7696226544e-09,1.37042331119e-09,1.0,1.0,1.0,0.0,0.0,0.0,18.896722656

1780,7.22159933583e-10,1.40357068962e-09,1.2672651654e-09,1.0,1.0,1.0,0.0,0.0,0.0,19.001685962

1790,7.16474588335e-10,1.3984334447e-09,1.26366713851e-09,1.0,1.0,1.0,0.0,0.0,0.0,19.111179194

1800,6.17893833174e-10,1.30380636344e-09,1.20781142756e-09,1.0,1.0,1.0,0.0,0.0,0.0,19.221263364

1810,5.14853314307e-10,1.16234344893e-09,9.88066374212e-10,1.0,1.0,1.0,0.0,0.0,0.0,19.330659559

1820,4.74725260591e-10,1.10851883751e-09,9.03063317847e-10,1.0,1.0,1.0,0.0,0.0,0.0,19.440084443

1830,4.43595117888e-10,1.0327316291e-09,8.46069373144e-10,1.0,1.0,1.0,0.0,0.0,0.0,19.552717683

1840,4.44628192874e-10,1.02447874799e-09,8.29797752106e-10,1.0,1.0,1.0,0.0,0.0,0.0,19.670156329

1850,4.23237364327e-10,1.01313648096e-09,8.34761349194e-10,1.0,1.0,1.0,0.0,0.0,0.0,19.779756039

1860,4.63851079253e-10,1.01315582982e-09,9.16360473309e-10,1.0,1.0,1.0,0.0,0.0,0.0,19.88962502

1870,3.75629662283e-10,9.83526327438e-10,7.61567491522e-10,1.0,1.0,1.0,0.0,0.0,0.0,19.998994755

1880,2.6943122296e-10,8.64125185786e-10,6.22633963974e-10,1.0,1.0,1.0,0.0,0.0,0.0,20.108344221

1890,2.48497538045e-10,8.57619482654e-10,5.09315014153e-10,1.0,1.0,1.0,0.0,0.0,0.0,20.217885613

1900,1.61976800004e-10,7.84760767831e-10,4.36550063723e-10,1.0,1.0,1.0,0.0,0.0,0.0,20.327378584

1910,1.38647675124e-10,6.68666107645e-10,3.95332905737e-10,1.0,1.0,1.0,0.0,0.0,0.0,20.437568069

1920,1.32197087864e-10,4.97541268355e-10,3.70477818257e-10,1.0,1.0,1.0,0.0,0.0,0.0,20.547263726

1930,1.20841916896e-10,4.88623476599e-10,3.25044049192e-10,1.0,1.0,1.0,0.0,0.0,0.0,20.656742591

1940,1.09880142668e-10,8.19450602244e-10,3.26749189195e-10,1.0,1.0,1.0,0.0,0.0,0.0,20.766090847

1950,1.04997321527e-10,4.12785727121e-10,2.66224486019e-10,1.0,1.0,1.0,0.0,0.0,0.0,20.875635554

1960,8.98995913845e-11,3.2325027771e-10,2.20204427455e-10,1.0,1.0,1.0,0.0,0.0,0.0,20.985016303

1970,8.30416234134e-11,2.53161398986e-10,2.08845457677e-10,1.0,1.0,1.0,0.0,0.0,0.0,21.094492957

1980,6.03226251946e-11,1.78388747303e-10,1.55567167535e-10,1.0,1.0,1.0,0.0,0.0,0.0,21.203990276

1990,5.7438744565e-11,1.52711896014e-10,1.24033305314e-10,1.0,1.0,1.0,0.0,0.0,0.0,21.317775213

2000,6.29820092305e-11,1.62040285121e-10,1.26275593088e-10,1.0,1.0,1.0,0.0,0.0,0.0,21.42776617

2010,5.95215843227e-11,1.30968341537e-10,9.67259720532e-11,1.0,1.0,1.0,0.0,0.0,0.0,21.538092261

2020,4.56607528281e-11,1.1379518978e-10,8.50533605006e-11,1.0,1.0,1.0,0.0,0.0,0.0,21.64736384

2030,3.82759143599e-11,1.02954893135e-10,8.76641963213e-11,1.0,1.0,1.0,0.0,0.0,0.0,21.756661508

2040,3.47397080074e-11,9.44567551429e-11,8.14059582988e-11,1.0,1.0,1.0,0.0,0.0,0.0,21.865916363

2050,3.05381894411e-11,8.34592617371e-11,7.32033515884e-11,1.0,1.0,1.0,0.0,0.0,0.0,21.975497937

2060,2.99360593758e-11,8.32957690745e-11,7.32014109999e-11,1.0,1.0,1.0,0.0,0.0,0.0,22.086707105

2070,2.34804899476e-11,6.67607677846e-11,6.4902998442e-11,1.0,1.0,1.0,0.0,0.0,0.0,22.196295097

2080,1.90870655372e-11,5.4237663327e-11,6.00537446584e-11,1.0,1.0,1.0,0.0,0.0,0.0,22.305657355

2090,1.85852743421e-11,5.24804475658e-11,5.95395976257e-11,1.0,1.0,1.0,0.0,0.0,0.0,22.415367814

2100,1.85372675553e-11,5.23697406972e-11,5.88762538753e-11,1.0,1.0,1.0,0.0,0.0,0.0,22.524695209

2110,1.76711798533e-11,5.09060830724e-11,5.6443548346e-11,1.0,1.0,1.0,0.0,0.0,0.0,22.634057579

2120,1.47619192733e-11,4.74424457352e-11,5.33636690852e-11,1.0,1.0,1.0,0.0,0.0,0.0,22.743555313

2130,7.25970446873e-12,3.84560985407e-11,3.29206981841e-11,1.0,1.0,1.0,0.0,0.0,0.0,22.853101489

2140,6.5824606414e-12,3.83718157686e-11,2.96474544152e-11,1.0,1.0,1.0,0.0,0.0,0.0,22.963530064

2150,6.10795729966e-12,3.48678015379e-11,2.72298501589e-11,1.0,1.0,1.0,0.0,0.0,0.0,23.0731737

2160,6.05663293686e-12,3.44307352162e-11,2.76494907543e-11,1.0,1.0,1.0,0.0,0.0,0.0,23.182684779

2170,5.54954447678e-12,2.64063122787e-11,2.72927868424e-11,1.0,1.0,1.0,0.0,0.0,0.0,23.292046696

2180,4.95269916305e-12,2.49342992205e-11,2.31616718215e-11,1.0,1.0,1.0,0.0,0.0,0.0,23.401563518

2190,4.91277435228e-12,2.21863682858e-11,2.29411711431e-11,1.0,1.0,1.0,0.0,0.0,0.0,23.511129704

2200,3.94149735354e-12,2.21182624845e-11,1.90696357198e-11,1.0,1.0,1.0,0.0,0.0,0.0,23.61623526

2210,3.28536746268e-12,2.130544135e-11,1.98261557649e-11,1.0,1.0,1.0,0.0,0.0,0.0,23.723054317

2220,3.3407718775e-12,2.12994943441e-11,1.98305007738e-11,1.0,1.0,1.0,0.0,0.0,0.0,23.830286437

2230,3.01178117942e-12,2.02125988782e-11,1.8117537226e-11,1.0,1.0,1.0,0.0,0.0,0.0,23.935761726

2240,2.42741707185e-12,1.65667030937e-11,1.22757172146e-11,1.0,1.0,1.0,0.0,0.0,0.0,24.042194547

2250,1.91327670846e-12,1.44414484939e-11,1.16202252489e-11,1.0,1.0,1.0,0.0,0.0,0.0,24.148295198

2260,1.35480574633e-12,1.0262819334e-11,8.57701595334e-12,1.0,1.0,1.0,0.0,0.0,0.0,24.253295604

2270,1.22449175186e-12,9.89345123737e-12,7.94334266874e-12,1.0,1.0,1.0,0.0,0.0,0.0,24.358120523

2280,9.71779898148e-13,1.0145630941e-11,4.65981837868e-12,1.0,1.0,1.0,0.0,0.0,0.0,24.464602842

2290,9.33695662015e-13,1.04492844868e-11,5.78699449851e-12,1.0,1.0,1.0,0.0,0.0,0.0,24.570251641

2300,6.25645802674e-13,1.04865295281e-11,4.14058168295e-12,1.0,1.0,1.0,0.0,0.0,0.0,24.676561608

2310,6.23838097609e-13,1.06574946491e-11,4.12346678328e-12,1.0,1.0,1.0,0.0,0.0,0.0,24.781357762

2320,5.53704906047e-13,9.45834219249e-12,3.46828932623e-12,1.0,1.0,1.0,0.0,0.0,0.0,24.88614137

2330,4.23799213891e-13,7.79701651294e-12,3.09268621548e-12,1.0,1.0,1.0,0.0,0.0,0.0,24.992941302

2340,3.32129538923e-13,6.33359071157e-12,3.55005811725e-12,1.0,1.0,1.0,0.0,0.0,0.0,25.097697571

2350,3.06567759872e-13,6.29280667131e-12,3.53042437379e-12,1.0,1.0,1.0,0.0,0.0,0.0,25.202628206

2360,2.37033354809e-13,4.68903727875e-12,2.39007481167e-12,1.0,1.0,1.0,0.0,0.0,0.0,25.307526248

2370,2.34164809347e-13,3.98822000246e-12,2.36778350927e-12,1.0,1.0,1.0,0.0,0.0,0.0,25.412501967

2380,2.16553197335e-13,3.89990076976e-12,2.36231996792e-12,1.0,1.0,1.0,0.0,0.0,0.0,25.518081428

2390,2.17371390717e-13,3.77327553018e-12,2.36382582799e-12,1.0,1.0,1.0,0.0,0.0,0.0,25.623010569

2400,1.63554260159e-13,3.23794021526e-12,1.96983093854e-12,1.0,1.0,1.0,0.0,0.0,0.0,25.727809344

2410,1.5720218166e-13,3.68074750752e-12,2.0857466628e-12,1.0,1.0,1.0,0.0,0.0,0.0,25.832568108

2420,1.2102061689e-13,2.47031382623e-12,1.7460336531e-12,1.0,1.0,1.0,0.0,0.0,0.0,25.937713778

2430,1.15177496963e-13,3.27371480107e-12,1.82838892645e-12,1.0,1.0,1.0,0.0,0.0,0.0,26.042438272

2440,1.04644300052e-13,2.87755503361e-12,1.56892384327e-12,1.0,1.0,1.0,0.0,0.0,0.0,26.147175861

2450,9.67972019374e-14,2.72392755732e-12,1.07644368845e-12,1.0,1.0,1.0,0.0,0.0,0.0,26.251979101

2460,9.13346328351e-14,2.72596362898e-12,9.80225041269e-13,1.0,1.0,1.0,0.0,0.0,0.0,26.356727422

2470,3.40187423463e-14,1.21466461792e-12,3.59902928345e-13,1.0,1.0,1.0,0.0,0.0,0.0,26.461669511

2480,2.17086369599e-14,9.06176800539e-13,2.03046968561e-13,1.0,1.0,1.0,0.0,0.0,0.0,26.56647257

2490,2.10922803352e-14,7.89319296175e-13,2.00188519787e-13,1.0,1.0,1.0,0.0,0.0,0.0,26.671240904

2500,2.08221122892e-14,7.89264556166e-13,1.96087168399e-13,1.0,1.0,1.0,0.0,0.0,0.0,26.77598968

2510,2.03832937817e-14,7.74768468647e-13,1.86416909671e-13,1.0,1.0,1.0,0.0,0.0,0.0,26.880839351

2520,1.95173887099e-14,7.47610903991e-13,1.81792693199e-13,1.0,1.0,1.0,0.0,0.0,0.0,26.985647579

2530,1.88421534205e-14,6.97352203404e-13,1.61234739744e-13,1.0,1.0,1.0,0.0,0.0,0.0,27.090539081

2540,1.78638728072e-14,6.77244670645e-13,1.58305625562e-13,1.0,1.0,1.0,0.0,0.0,0.0,27.19542767

2550,1.7712659159e-14,6.3587143241e-13,1.56839731689e-13,1.0,1.0,1.0,0.0,0.0,0.0,27.300112207

2560,1.18032985899e-13,3.96256676426e-12,1.58983368918e-12,1.0,1.0,1.0,0.0,0.0,0.0,27.405015532

2570,1.49128601945e-14,6.14571207254e-13,1.46632091789e-13,1.0,1.0,1.0,0.0,0.0,0.0,27.509848827

2580,1.46949527132e-14,6.04102911981e-13,1.4522090289e-13,1.0,1.0,1.0,0.0,0.0,0.0,27.614592348

2590,1.35885598932e-14,6.00081679596e-13,1.33591034642e-13,1.0,1.0,1.0,0.0,0.0,0.0,27.719212964

2600,9.7850246229e-15,4.4741856559e-13,1.33726711979e-13,1.0,1.0,1.0,0.0,0.0,0.0,27.824087894

2610,9.58629434274e-15,4.49533942877e-13,1.3166163767e-13,1.0,1.0,1.0,0.0,0.0,0.0,27.930552574

2620,9.23245798062e-15,4.46115059158e-13,1.0182519425e-13,1.0,1.0,1.0,0.0,0.0,0.0,28.035322249

2630,9.28286792743e-15,4.46006568734e-13,1.0249017173e-13,1.0,1.0,1.0,0.0,0.0,0.0,28.140145792

2640,5.96841984183e-15,2.69465161157e-13,8.20243958469e-14,1.0,1.0,1.0,0.0,0.0,0.0,28.244838242

2650,4.35315869191e-15,1.50211413545e-13,4.55804606853e-14,1.0,1.0,1.0,0.0,0.0,0.0,28.34959579

2660,4.18314042665e-15,1.46795727088e-13,4.55778830328e-14,1.0,1.0,1.0,0.0,0.0,0.0,28.456948281

2670,3.95197101994e-15,1.3664181271e-13,2.63562477254e-14,1.0,1.0,1.0,0.0,0.0,0.0,28.561859438

2680,3.5344408581e-15,1.30231255158e-13,2.04248444746e-14,1.0,1.0,1.0,0.0,0.0,0.0,28.666594026

2690,3.58184263507e-15,1.28444497569e-13,2.13180799975e-14,1.0,1.0,1.0,0.0,0.0,0.0,28.771406845

2700,1.7802051795e-16,2.12217247696e-15,4.79238921217e-15,1.0,1.0,1.0,0.0,0.0,0.0,28.876157294

2710,1.6244574092e-16,1.95631728933e-15,4.14803007074e-15,1.0,1.0,1.0,0.0,0.0,0.0,28.981181791

2720,1.05417635297e-16,1.25390943417e-15,3.67625840156e-15,1.0,1.0,1.0,0.0,0.0,0.0,29.086039888

2730,1.05109928051e-16,1.25567188454e-15,3.67677759524e-15,1.0,1.0,1.0,0.0,0.0,0.0,29.190671391

2740,7.27159195137e-17,6.85562654733e-16,1.90256149496e-15,1.0,1.0,1.0,0.0,0.0,0.0,29.295308913

2750,6.18138024863e-17,6.24270381943e-16,2.14743273128e-15,1.0,1.0,1.0,0.0,0.0,0.0,29.401219737

2760,6.13519033328e-17,6.15433754697e-16,2.11411202981e-15,1.0,1.0,1.0,0.0,0.0,0.0,29.506129909

2770,5.37885154323e-17,5.38162559872e-16,1.7822148844e-15,1.0,1.0,1.0,0.0,0.0,0.0,29.610796263

2780,4.94061778151e-17,4.4773632834e-16,1.51620864705e-15,1.0,1.0,1.0,0.0,0.0,0.0,29.71550007

2790,3.71660159524e-17,3.51505800386e-16,9.08316441158e-16,1.0,1.0,1.0,0.0,0.0,0.0,29.825684838

2800,2.8027526041e-17,2.63922170805e-16,8.24696541225e-16,1.0,1.0,1.0,0.0,0.0,0.0,29.931084045

2810,2.62966626053e-17,2.50106367706e-16,7.73859106739e-16,1.0,1.0,1.0,0.0,0.0,0.0,30.035726262

2820,2.52610937003e-17,2.30552274032e-16,7.05509459702e-16,1.0,1.0,1.0,0.0,0.0,0.0,30.140330765

2830,2.31087782773e-17,2.22306512371e-16,8.16319437349e-16,1.0,1.0,1.0,0.0,0.0,0.0,30.244911956

2840,2.90611998164e-17,2.50189688825e-16,1.01173831549e-15,1.0,1.0,1.0,0.0,0.0,0.0,30.34954084

2850,2.13292281819e-17,1.91757620657e-16,6.63903908482e-16,1.0,1.0,1.0,0.0,0.0,0.0,30.454595298

2860,1.20249222736e-17,1.36266285169e-16,6.51100241849e-16,1.0,1.0,1.0,0.0,0.0,0.0,30.559287943

2870,9.74455413094e-18,1.15127748758e-16,5.85938320751e-16,1.0,1.0,1.0,0.0,0.0,0.0,30.663938234

2880,9.35032968969e-18,1.08968507828e-16,4.39593479553e-16,1.0,1.0,1.0,0.0,0.0,0.0,30.76847465

2890,9.09525561767e-18,1.09973454669e-16,3.88664356742e-16,1.0,1.0,1.0,0.0,0.0,0.0,30.87304378

2900,9.00658004205e-18,1.07987736285e-16,3.8866347841e-16,1.0,1.0,1.0,0.0,0.0,0.0,30.983199534

2910,2.91923806821e-18,6.35510468255e-17,5.14128263003e-17,1.0,1.0,1.0,0.0,0.0,0.0,31.088000502

2920,3.67126825385e-18,6.19178873862e-17,5.22178808836e-17,1.0,1.0,1.0,0.0,0.0,0.0,31.192585393

2930,2.53865845704e-18,5.20840912928e-17,3.85694985006e-17,1.0,1.0,1.0,0.0,0.0,0.0,31.297297611

2940,1.91729156414e-18,4.20061679911e-17,1.582328655e-17,1.0,1.0,1.0,0.0,0.0,0.0,31.401924524

2950,1.91732721898e-18,4.20058662284e-17,1.58831966119e-17,1.0,1.0,1.0,0.0,0.0,0.0,31.506510123

2960,1.92233269391e-18,4.20368643701e-17,1.6593982207e-17,1.0,1.0,1.0,0.0,0.0,0.0,31.611173242

2970,1.09469804473e-18,2.33979618757e-17,1.76129619591e-17,1.0,1.0,1.0,0.0,0.0,0.0,31.715732829

2980,7.20934511424e-19,1.83430469728e-17,1.2785018327e-17,1.0,1.0,1.0,0.0,0.0,0.0,31.821057052

2990,8.69259326409e-19,1.99966838564e-17,1.56186747483e-17,1.0,1.0,1.0,0.0,0.0,0.0,31.927975659

3000,6.12253609649e-19,1.0652279409e-17,6.67394728989e-18,1.0,1.0,1.0,0.0,0.0,0.0,32.032886889

3010,6.11818171417e-19,1.06889342854e-17,6.21272008268e-18,1.0,1.0,1.0,0.0,0.0,0.0,32.137473942

3020,2.51855745627e-19,8.12523315269e-18,4.72287630314e-18,1.0,1.0,1.0,0.0,0.0,0.0,32.242198066

3030,2.51349692741e-19,8.11738744878e-18,4.71959696854e-18,1.0,1.0,1.0,0.0,0.0,0.0,32.346728098

3040,1.26579182939e-19,5.60334745574e-18,2.1084931839e-18,1.0,1.0,1.0,0.0,0.0,0.0,32.453107507

3050,6.19309388678e-20,2.78143214245e-18,1.36991428006e-18,1.0,1.0,1.0,0.0,0.0,0.0,32.563775881

3060,5.47749536468e-20,2.67377499113e-18,1.28872704801e-18,1.0,1.0,1.0,0.0,0.0,0.0,32.67416127

3070,5.34849147455e-20,2.63228065769e-18,1.20981439896e-18,1.0,1.0,1.0,0.0,0.0,0.0,32.783278236

3080,2.965009527e-20,1.38980433626e-18,1.05018764659e-18,1.0,1.0,1.0,0.0,0.0,0.0,32.892399108

3090,2.94930165625e-20,1.38754601998e-18,1.05018860314e-18,1.0,1.0,1.0,0.0,0.0,0.0,33.002284226

3100,2.6827620854e-20,1.51976017996e-18,1.05977115917e-18,1.0,1.0,1.0,0.0,0.0,0.0,33.112655015

3110,9.14354495287e-21,5.46425963833e-19,4.14327627869e-19,1.0,1.0,1.0,0.0,0.0,0.0,33.221874384

3120,8.74534328006e-21,6.08108119093e-19,4.445390972e-19,1.0,1.0,1.0,0.0,0.0,0.0,33.330989394

3130,7.26993304156e-21,4.75644680221e-19,3.98276102886e-19,1.0,1.0,1.0,0.0,0.0,0.0,33.443778025

3140,6.35330463555e-21,4.0149610086e-19,3.16224543456e-19,1.0,1.0,1.0,0.0,0.0,0.0,33.556666703

3150,6.33055942408e-21,3.98618325944e-19,2.83158219561e-19,1.0,1.0,1.0,0.0,0.0,0.0,33.666756455

3160,6.38774245699e-21,4.09647773269e-19,2.83158219584e-19,1.0,1.0,1.0,0.0,0.0,0.0,33.773298909

3170,5.8617097942e-21,1.02858667849e-18,4.1463110908e-19,1.0,1.0,1.0,0.0,0.0,0.0,33.878362824

3180,5.77285076955e-21,8.99049464754e-19,3.43385678584e-19,1.0,1.0,1.0,0.0,0.0,0.0,33.983170181

3190,4.24608560436e-21,6.41511048655e-19,2.32457588014e-19,1.0,1.0,1.0,0.0,0.0,0.0,34.087853538

3200,3.01604355839e-21,3.9854320535e-19,1.96849498043e-19,1.0,1.0,1.0,0.0,0.0,0.0,34.192520866

3210,3.02330883664e-21,3.92269157031e-19,1.99471016862e-19,1.0,1.0,1.0,0.0,0.0,0.0,34.297820763

3220,1.79307242521e-21,4.7846428894e-19,1.79740327615e-19,1.0,1.0,1.0,0.0,0.0,0.0,34.403796701

3230,1.69127078867e-21,4.93750516685e-19,1.75058165524e-19,1.0,1.0,1.0,0.0,0.0,0.0,34.509903222

3240,1.25237124173e-21,3.64366095519e-19,1.13691347946e-19,1.0,1.0,1.0,0.0,0.0,0.0,34.614595642

3250,4.20475626028e-22,2.7580717556e-19,2.92749992001e-20,1.0,1.0,1.0,0.0,0.0,0.0,34.719269295

3260,3.23774791671e-22,2.34481959214e-19,2.0486248438e-20,1.0,1.0,1.0,0.0,0.0,0.0,34.824996772

3270,2.90794352054e-22,1.95561474303e-19,1.69963974898e-20,1.0,1.0,1.0,0.0,0.0,0.0,34.930821592

3280,1.56237950178e-22,1.68237618481e-19,1.92931325106e-20,1.0,1.0,1.0,0.0,0.0,0.0,35.036377927

3290,1.12199538902e-22,1.48963218874e-19,1.53273475693e-20,1.0,1.0,1.0,0.0,0.0,0.0,35.14350362

3300,9.3760069722e-23,1.31243239382e-19,1.21526341606e-20,1.0,1.0,1.0,0.0,0.0,0.0,35.248484202

3310,1.6196315616e-22,1.46464924075e-19,1.29003677935e-20,1.0,1.0,1.0,0.0,0.0,0.0,35.353111131

3320,8.78873188577e-23,8.76445541274e-20,9.37908653236e-21,1.0,1.0,1.0,0.0,0.0,0.0,35.457990045

3330,5.53098446233e-23,7.54448819979e-20,7.46125489221e-21,1.0,1.0,1.0,0.0,0.0,0.0,35.564656492

3340,4.45532615155e-23,5.90018279168e-20,6.66899856282e-21,1.0,1.0,1.0,0.0,0.0,0.0,35.669380208

3350,1.69422271896e-23,2.10270263987e-20,3.1768610101e-21,1.0,1.0,1.0,0.0,0.0,0.0,35.774543517

3360,1.13863474804e-23,1.4092547539e-20,1.68607144527e-21,1.0,1.0,1.0,0.0,0.0,0.0,35.880580818

3370,1.37356291422e-23,1.5473776319e-20,2.38850156338e-21,1.0,1.0,1.0,0.0,0.0,0.0,35.985306366

3380,1.64152799596e-23,1.18278895232e-20,1.15637307453e-21,1.0,1.0,1.0,0.0,0.0,0.0,36.091484126

3390,6.91588983032e-24,7.67194014888e-21,1.28459116095e-21,1.0,1.0,1.0,0.0,0.0,0.0,36.196510542

3400,3.23687192187e-24,4.19440753198e-21,3.38552639921e-22,1.0,1.0,1.0,0.0,0.0,0.0,36.301135621

3410,2.30156301748e-24,2.83212628489e-21,2.56724001361e-22,1.0,1.0,1.0,0.0,0.0,0.0,36.406381651

3420,2.49165356458e-24,2.94592333525e-21,2.67084672033e-22,1.0,1.0,1.0,0.0,0.0,0.0,36.5120561

3430,2.25663177691e-24,2.83200833297e-21,2.49492919379e-22,1.0,1.0,1.0,0.0,0.0,0.0,36.617453791

3440,2.23504516373e-24,2.80334194082e-21,2.39215216879e-22,1.0,1.0,1.0,0.0,0.0,0.0,36.722299598

3450,1.99472255933e-24,2.46156017183e-21,2.22272043038e-22,1.0,1.0,1.0,0.0,0.0,0.0,36.826977486

3460,1.87890859323e-24,2.28025420627e-21,2.16036876435e-22,1.0,1.0,1.0,0.0,0.0,0.0,36.931963122

3470,1.36905981706e-24,1.23972960308e-21,1.82665748638e-22,1.0,1.0,1.0,0.0,0.0,0.0,37.036808691

3480,1.27062198415e-24,1.18216126962e-21,1.75555910446e-22,1.0,1.0,1.0,0.0,0.0,0.0,37.141448076

3490,1.05487625983e-24,5.76800146592e-22,9.32126141163e-23,1.0,1.0,1.0,0.0,0.0,0.0,37.248446921

3500,9.52926818606e-25,4.87968759027e-22,3.88064294304e-23,1.0,1.0,1.0,0.0,0.0,0.0,37.355857224

3510,6.72230027e-25,3.86278578818e-22,3.12521562476e-23,1.0,1.0,1.0,0.0,0.0,0.0,37.465714845

3520,6.47675518495e-25,3.6261694835e-22,2.70723865589e-23,1.0,1.0,1.0,0.0,0.0,0.0,37.57038368

3530,4.47113276615e-25,2.96493796443e-22,1.98583935112e-23,1.0,1.0,1.0,0.0,0.0,0.0,37.674946648

3540,7.25543655961e-26,4.13704282963e-23,5.51418008551e-24,1.0,1.0,1.0,0.0,0.0,0.0,37.779454191

3550,5.9859649421e-26,3.52430346349e-23,3.91542036477e-24,1.0,1.0,1.0,0.0,0.0,0.0,37.884554539

3560,5.07113348875e-26,3.10896126542e-23,3.90679797622e-24,1.0,1.0,1.0,0.0,0.0,0.0,37.994888695

3570,4.64935930216e-26,2.97216013911e-23,3.66779070382e-24,1.0,1.0,1.0,0.0,0.0,0.0,38.104083302

3580,3.91955307725e-26,2.57618852941e-23,3.29549409314e-24,1.0,1.0,1.0,0.0,0.0,0.0,38.213184662

3590,3.93567335213e-26,2.68192218354e-23,3.33652923208e-24,1.0,1.0,1.0,0.0,0.0,0.0,38.322308657

3600,3.91525043129e-26,2.56143140702e-23,3.252750376e-24,1.0,1.0,1.0,0.0,0.0,0.0,38.431667277

3610,3.80504258022e-26,2.4567867312e-23,3.05401900083e-24,1.0,1.0,1.0,0.0,0.0,0.0,38.54470549

3620,3.18244422935e-26,2.04593372394e-23,2.53449900437e-24,1.0,1.0,1.0,0.0,0.0,0.0,38.65427716

3630,3.0157095002e-26,1.95231895832e-23,2.53213265131e-24,1.0,1.0,1.0,0.0,0.0,0.0,38.763483271

3640,1.64248735214e-26,1.66100072603e-23,1.46585363635e-24,1.0,1.0,1.0,0.0,0.0,0.0,38.872535931

3650,1.22610327474e-26,1.12457187581e-23,1.19288360048e-24,1.0,1.0,1.0,0.0,0.0,0.0,38.983361383

3660,1.24974557946e-26,1.01767246039e-23,1.05637658053e-24,1.0,1.0,1.0,0.0,0.0,0.0,39.092565291

3670,8.20667903125e-27,7.29550297032e-24,9.67476015109e-25,1.0,1.0,1.0,0.0,0.0,0.0,39.201719775

3680,8.21754074824e-27,7.29549757358e-24,9.67476015109e-25,1.0,1.0,1.0,0.0,0.0,0.0,39.310720707

3690,4.56373579736e-27,5.59956363393e-24,6.80962145133e-25,1.0,1.0,1.0,0.0,0.0,0.0,39.422149735

3700,2.34061247573e-27,2.93332763919e-24,3.99477496013e-25,1.0,1.0,1.0,0.0,0.0,0.0,39.531243329

3710,1.12796713415e-27,1.67109810915e-24,2.2440277321e-25,1.0,1.0,1.0,0.0,0.0,0.0,39.640470901

3720,1.00741530026e-27,1.27037774612e-24,1.79891781584e-25,1.0,1.0,1.0,0.0,0.0,0.0,39.749603214

3730,9.32932938335e-28,1.10843750431e-24,1.69867947052e-25,1.0,1.0,1.0,0.0,0.0,0.0,39.858791695

3740,9.27229975868e-28,1.10274733246e-24,1.69793940966e-25,1.0,1.0,1.0,0.0,0.0,0.0,39.968057193

3750,8.00349723408e-28,9.55163288636e-25,1.36547439429e-25,1.0,1.0,1.0,0.0,0.0,0.0,40.072712791

3760,7.44247147799e-28,9.16171354391e-25,1.3558633782e-25,1.0,1.0,1.0,0.0,0.0,0.0,40.177647062

3770,6.50802291412e-28,6.74491866968e-25,2.93972788949e-25,1.0,1.0,1.0,0.0,0.0,0.0,40.284142233

3780,5.67184287697e-28,6.06092622221e-25,2.34580705037e-25,1.0,1.0,1.0,0.0,0.0,0.0,40.388621148

3790,3.32458514187e-28,4.55522204378e-25,1.97438549359e-25,1.0,1.0,1.0,0.0,0.0,0.0,40.493124339

3800,1.51287993869e-28,2.86858144481e-25,1.56425818223e-25,1.0,1.0,1.0,0.0,0.0,0.0,40.597701377

3810,1.40147862612e-28,2.76549635043e-25,1.36775032621e-25,1.0,1.0,1.0,0.0,0.0,0.0,40.70673257

3820,4.51597823477e-29,5.70922656856e-26,1.06624931546e-25,1.0,1.0,1.0,0.0,0.0,0.0,40.815831502

3830,3.37671164048e-29,4.80315810266e-26,9.03813917053e-26,1.0,1.0,1.0,0.0,0.0,0.0,40.925664057

3840,3.29390187053e-29,5.59356269276e-26,7.9451334987e-26,1.0,1.0,1.0,0.0,0.0,0.0,41.034821743

3850,2.75290308495e-29,5.29118990748e-26,7.27939450748e-26,1.0,1.0,1.0,0.0,0.0,0.0,41.144001583

3860,2.96187707269e-29,6.11211177344e-26,7.35078263879e-26,1.0,1.0,1.0,0.0,0.0,0.0,41.253048318

3870,2.66559507926e-29,5.29118949661e-26,7.32666439562e-26,1.0,1.0,1.0,0.0,0.0,0.0,41.362359819

3880,2.1406691382e-29,4.572736741e-26,6.22337092915e-26,1.0,1.0,1.0,0.0,0.0,0.0,41.482143253

3890,2.08431842301e-29,4.48690517856e-26,6.1115460665e-26,1.0,1.0,1.0,0.0,0.0,0.0,41.594428452

3900,8.58912578609e-30,2.1731123153e-26,3.22579317628e-26,1.0,1.0,1.0,0.0,0.0,0.0,41.70012428

3910,8.06944696826e-30,1.18525746966e-26,2.45638083963e-26,1.0,1.0,1.0,0.0,0.0,0.0,41.810026411

3920,9.09065942808e-30,1.34510614106e-26,2.85734651181e-26,1.0,1.0,1.0,0.0,0.0,0.0,41.921294246

3930,6.113156388e-30,8.5809415377e-27,1.35293302107e-26,1.0,1.0,1.0,0.0,0.0,0.0,42.064800644

3940,4.23192643359e-30,6.34522885676e-27,1.02765719836e-26,1.0,1.0,1.0,0.0,0.0,0.0,42.173912827

3950,3.60087208458e-30,5.42458125525e-27,1.01699284346e-26,1.0,1.0,1.0,0.0,0.0,0.0,42.283848898

3960,3.21120504754e-30,4.27699176407e-27,9.8397036205e-27,1.0,1.0,1.0,0.0,0.0,0.0,42.393190533

3970,2.15330937706e-30,4.90786215312e-27,8.83289377673e-27,1.0,1.0,1.0,0.0,0.0,0.0,42.502515038

3980,1.52618361821e-30,4.1718347457e-27,6.07014942124e-27,1.0,1.0,1.0,0.0,0.0,0.0,42.611617891

3990,1.17594980496e-30,4.98849499678e-27,4.47833130172e-27,1.0,1.0,1.0,0.0,0.0,0.0,42.720953078

4000,5.26676619055e-31,1.18782399228e-27,2.0912701623e-27,1.0,1.0,1.0,0.0,0.0,0.0,42.830049192

4010,4.91368414943e-31,1.16512989702e-27,1.64615296057e-27,1.0,1.0,1.0,0.0,0.0,0.0,42.939811893

4020,3.94209469414e-31,1.55451881917e-27,1.01038261585e-27,1.0,1.0,1.0,0.0,0.0,0.0,43.04926215

4030,3.68747294404e-31,1.16701454224e-27,9.57665836089e-28,1.0,1.0,1.0,0.0,0.0,0.0,43.158162179

4040,3.22267162009e-31,1.5049197664e-27,6.40486068686e-28,1.0,1.0,1.0,0.0,0.0,0.0,43.267802564

4050,3.42155649722e-31,1.53789680484e-27,6.40486068686e-28,1.0,1.0,1.0,0.0,0.0,0.0,43.377382913

4060,1.21516204555e-31,8.87532887232e-28,1.83766297644e-28,1.0,1.0,1.0,0.0,0.0,0.0,43.494935473

4070,1.10688027911e-31,7.87404929214e-28,1.72798928954e-28,1.0,1.0,1.0,0.0,0.0,0.0,43.608223191

4080,7.06409619124e-32,4.07230340699e-28,9.58748571067e-29,1.0,1.0,1.0,0.0,0.0,0.0,43.718550816

4090,5.0850688954e-32,3.81708340556e-28,9.04166528913e-29,1.0,1.0,1.0,0.0,0.0,0.0,43.827714634

4100,3.57992778826e-32,1.942347247e-28,2.38255286171e-29,1.0,1.0,1.0,0.0,0.0,0.0,43.936792948

4110,3.52345430463e-32,2.01565782664e-28,2.00336176749e-29,1.0,1.0,1.0,0.0,0.0,0.0,44.046554349

4120,2.48237791079e-32,1.43476239585e-28,1.42750110175e-29,1.0,1.0,1.0,0.0,0.0,0.0,44.156063522

4130,2.03304541062e-32,1.17586046687e-28,1.27133665353e-29,1.0,1.0,1.0,0.0,0.0,0.0,44.264993458

4140,1.61808807439e-32,1.00422771716e-28,1.07154905471e-29,1.0,1.0,1.0,0.0,0.0,0.0,44.374227229

4150,1.03125491843e-32,6.45892840836e-29,7.36741130245e-30,1.0,1.0,1.0,0.0,0.0,0.0,44.490860071

4160,8.4464688557e-33,5.75515981843e-29,6.72353866637e-30,1.0,1.0,1.0,0.0,0.0,0.0,44.600743048

4170,5.08261352654e-33,3.57691187736e-29,3.65140483723e-30,1.0,1.0,1.0,0.0,0.0,0.0,44.709729415

4180,3.78126803424e-33,3.08353502813e-29,3.58319799019e-30,1.0,1.0,1.0,0.0,0.0,0.0,44.818629386

4190,2.70090573874e-33,2.6064342016e-29,3.01289131057e-30,1.0,1.0,1.0,0.0,0.0,0.0,44.927602054

4200,4.41966393612e-34,1.29956616834e-29,8.84545367786e-31,1.0,1.0,1.0,0.0,0.0,0.0,45.073377034

4210,6.62949590419e-34,1.57613601549e-29,1.42669236342e-30,1.0,1.0,1.0,0.0,0.0,0.0,45.177958793

4220,4.41966393612e-34,1.64748237185e-29,8.84545367786e-31,1.0,1.0,1.0,0.0,0.0,0.0,45.282711748

4230,4.41966393612e-34,1.61356798443e-29,7.95389274866e-31,1.0,1.0,1.0,0.0,0.0,0.0,45.38731

4240,4.41966393612e-34,1.70292752977e-29,8.84545367786e-31,1.0,1.0,1.0,0.0,0.0,0.0,45.493970388

4250,4.41966393612e-34,1.78086935149e-29,1.04668278704e-30,1.0,1.0,1.0,0.0,0.0,0.0,45.598993107

4260,2.70090573874e-34,1.61781359e-29,6.70960498191e-31,1.0,1.0,1.0,0.0,0.0,0.0,45.708421807

4270,2.70090573874e-34,9.92152609442e-30,5.72352885038e-31,1.0,1.0,1.0,0.0,0.0,0.0,45.817472589

4280,2.70090573874e-34,1.65123782262e-29,6.70960498191e-31,1.0,1.0,1.0,0.0,0.0,0.0,45.926455641

4290,2.4553688534e-34,1.44524305882e-29,6.36077567846e-31,1.0,1.0,1.0,0.0,0.0,0.0,46.038321275

4300,9.82147541361e-35,9.87517763298e-30,1.83281541838e-31,1.0,1.0,1.0,0.0,0.0,0.0,46.14729923

4310,9.82147541361e-35,9.89615337525e-30,1.85035432191e-31,1.0,1.0,1.0,0.0,0.0,0.0,46.256325765

4320,9.82147541361e-35,9.89615337525e-30,1.85035432191e-31,1.0,1.0,1.0,0.0,0.0,0.0,46.365334132

4330,0.0,2.22660027068e-31,3.70265741087e-33,1.0,1.0,1.0,0.0,0.0,0.0,46.476569488

4340,0.0,1.99954326671e-31,2.63083552878e-33,1.0,1.0,1.0,0.0,0.0,0.0,46.587061661

4350,0.0,2.20857987354e-31,3.70265741087e-33,1.0,1.0,1.0,0.0,0.0,0.0,46.696140478

4360,0.0,1.95196941826e-31,2.06179554774e-31,1.0,1.0,1.0,0.0,0.0,0.0,46.805116707

4370,0.0,2.22660027068e-31,3.70265741087e-33,1.0,1.0,1.0,0.0,0.0,0.0,46.914086655

4380,0.0,2.22660027068e-31,3.70265741087e-33,1.0,1.0,1.0,0.0,0.0,0.0,47.026754358

4390,0.0,2.54952578743e-31,3.70265741087e-33,1.0,1.0,1.0,0.0,0.0,0.0,47.135843291

4400,0.0,2.81550684923e-31,2.63083552878e-33,1.0,1.0,1.0,0.0,0.0,0.0,47.244742485

4410,0.0,1.99954326671e-31,3.70265741087e-33,1.0,1.0,1.0,0.0,0.0,0.0,47.353716791

4420,0.0,2.22660027068e-31,3.70265741087e-33,1.0,1.0,1.0,0.0,0.0,0.0,47.462641244

4430,0.0,2.22660027068e-31,3.70265741087e-33,1.0,1.0,1.0,0.0,0.0,0.0,47.572235313

4440,0.0,2.07378730292e-31,3.70265741087e-33,1.0,1.0,1.0,0.0,0.0,0.0,47.681129981

4450,0.0,2.22660027068e-31,3.70265741087e-33,1.0,1.0,1.0,0.0,0.0,0.0,47.790029359

4460,0.0,2.22660027068e-31,3.70265741087e-33,1.0,1.0,1.0,0.0,0.0,0.0,47.89906645

4470,0.0,1.78546094868e-31,1.75389035252e-33,1.0,1.0,1.0,0.0,0.0,0.0,48.00897322

4480,0.0,2.22660027068e-31,3.70265741087e-33,1.0,1.0,1.0,0.0,0.0,0.0,48.118161351

4490,0.0,2.22660027068e-31,3.70265741087e-33,1.0,1.0,1.0,0.0,0.0,0.0,48.227203398

4500,0.0,2.32463123112e-31,3.70265741087e-33,1.0,1.0,1.0,0.0,0.0,0.0,48.336404222

4510,0.0,2.89335496487e-31,1.75389035252e-33,1.0,1.0,1.0,0.0,0.0,0.0,48.441403815

4520,0.0,2.2302043501e-31,3.70265741087e-33,1.0,1.0,1.0,0.0,0.0,0.0,48.546011652

4530,0.0,2.05576690578e-31,3.70265741087e-33,1.0,1.0,1.0,0.0,0.0,0.0,48.651746048

4540,0.0,2.65692735439e-31,3.70265741087e-33,1.0,1.0,1.0,0.0,0.0,0.0,48.756193652

4550,0.0,2.22660027068e-31,3.70265741087e-33,1.0,1.0,1.0,0.0,0.0,0.0,48.860694329

4560,0.0,2.14947297091e-31,3.70265741087e-33,1.0,1.0,1.0,0.0,0.0,0.0,48.965096768

4570,0.0,2.22660027068e-31,3.70265741087e-33,1.0,1.0,1.0,0.0,0.0,0.0,49.069576932

4580,0.0,2.22660027068e-31,3.70265741087e-33,1.0,1.0,1.0,0.0,0.0,0.0,49.200186205

4590,0.0,2.98561939823e-31,3.70265741087e-33,1.0,1.0,1.0,0.0,0.0,0.0,49.304764935

4600,0.0,2.22660027068e-31,3.70265741087e-33,1.0,1.0,1.0,0.0,0.0,0.0,49.409205004

4610,0.0,2.22660027068e-31,3.70265741087e-33,1.0,1.0,1.0,0.0,0.0,0.0,49.514637867

4620,0.0,2.70017630753e-31,3.70265741087e-33,1.0,1.0,1.0,0.0,0.0,0.0,49.62218089

4630,0.0,2.48969806893e-31,3.70265741087e-33,1.0,1.0,1.0,0.0,0.0,0.0,49.732544763

4640,0.0,2.22660027068e-31,3.70265741087e-33,1.0,1.0,1.0,0.0,0.0,0.0,49.841990004

4650,0.0,2.22660027068e-31,3.70265741087e-33,1.0,1.0,1.0,0.0,0.0,0.0,49.979227412

4660,0.0,2.22660027068e-31,3.70265741087e-33,1.0,1.0,1.0,0.0,0.0,0.0,50.083685715

4670,0.0,2.22660027068e-31,3.70265741087e-33,1.0,1.0,1.0,0.0,0.0,0.0,50.188572171

4680,0.0,2.20857987354e-31,3.70265741087e-33,1.0,1.0,1.0,0.0,0.0,0.0,50.293006053

4690,0.0,2.65692735439e-31,3.70265741087e-33,1.0,1.0,1.0,0.0,0.0,0.0,50.397386672

4700,0.0,2.22660027068e-31,3.70265741087e-33,1.0,1.0,1.0,0.0,0.0,0.0,50.502918706

4710,0.0,2.22660027068e-31,3.70265741087e-33,1.0,1.0,1.0,0.0,0.0,0.0,50.607641339

4720,0.0,2.22660027068e-31,3.70265741087e-33,1.0,1.0,1.0,0.0,0.0,0.0,50.712324977

4730,0.0,2.22660027068e-31,3.70265741087e-33,1.0,1.0,1.0,0.0,0.0,0.0,50.816937389

4740,0.0,2.22660027068e-31,3.70265741087e-33,1.0,1.0,1.0,0.0,0.0,0.0,50.921922939

4750,0.0,2.22660027068e-31,3.70265741087e-33,1.0,1.0,1.0,0.0,0.0,0.0,51.027782714

4760,0.0,2.24966637902e-31,3.70265741087e-33,1.0,1.0,1.0,0.0,0.0,0.0,51.132360956

4770,0.0,1.83735969244e-31,2.63083552878e-33,1.0,1.0,1.0,0.0,0.0,0.0,51.236836342

4780,0.0,2.22660027068e-31,3.70265741087e-33,1.0,1.0,1.0,0.0,0.0,0.0,51.341191202

4790,0.0,2.22660027068e-31,3.70265741087e-33,1.0,1.0,1.0,0.0,0.0,0.0,51.446612436

4800,0.0,2.22660027068e-31,3.70265741087e-33,1.0,1.0,1.0,0.0,0.0,0.0,51.551728529

4810,0.0,2.22660027068e-31,3.70265741087e-33,1.0,1.0,1.0,0.0,0.0,0.0,51.656136637

4820,0.0,1.92674086226e-31,2.63083552878e-33,1.0,1.0,1.0,0.0,0.0,0.0,51.761966269

4830,0.0,2.07378730292e-31,3.70265741087e-33,1.0,1.0,1.0,0.0,0.0,0.0,51.866300343

4840,0.0,2.22660027068e-31,4.9693559988e-33,1.0,1.0,1.0,0.0,0.0,0.0,51.972846459

4850,0.0,2.39310874025e-31,4.28728752838e-33,1.0,1.0,1.0,0.0,0.0,0.0,52.077299636

4860,0.0,2.22660027068e-31,3.70265741087e-33,1.0,1.0,1.0,0.0,0.0,0.0,52.181775818

4870,0.0,2.40464179442e-31,3.70265741087e-33,1.0,1.0,1.0,0.0,0.0,0.0,52.286209426

4880,0.0,2.55312986686e-31,3.70265741087e-33,1.0,1.0,1.0,0.0,0.0,0.0,52.390608493

4890,0.0,2.22660027068e-31,3.70265741087e-33,1.0,1.0,1.0,0.0,0.0,0.0,52.503051819

4900,0.0,2.22660027068e-31,3.70265741087e-33,1.0,1.0,1.0,0.0,0.0,0.0,52.614991952

4910,0.0,2.38517976551e-31,3.70265741087e-33,1.0,1.0,1.0,0.0,0.0,0.0,52.725022764

4920,0.0,2.22660027068e-31,3.70265741087e-33,1.0,1.0,1.0,0.0,0.0,0.0,52.833947771

4930,0.0,2.22660027068e-31,3.70265741087e-33,1.0,1.0,1.0,0.0,0.0,0.0,52.945522474

4940,0.0,3.42675872023e-31,1.48106296435e-32,1.0,1.0,1.0,0.0,0.0,0.0,53.0851885

4950,0.0,2.24606229959e-31,3.70265741087e-33,1.0,1.0,1.0,0.0,0.0,0.0,53.194211427

4960,0.0,2.22660027068e-31,3.70265741087e-33,1.0,1.0,1.0,0.0,0.0,0.0,53.303091549

4970,0.0,2.22660027068e-31,3.70265741087e-33,1.0,1.0,1.0,0.0,0.0,0.0,53.412116142

4980,0.0,2.22660027068e-31,3.70265741087e-33,1.0,1.0,1.0,0.0,0.0,0.0,53.521213296

4990,0.0,2.24606229959e-31,3.70265741087e-33,1.0,1.0,1.0,0.0,0.0,0.0,53.626105342

5000,0.0,2.22660027068e-31,3.70265741087e-33,1.0,1.0,1.0,0.0,0.0,0.0,53.731822025

