Using seed 653091685

Error results for GA_40_20_10
---------------------------
Returned AUC 0.454806372795
Returned AUC 0.42636589404
Returned AUC 0.570572729451
0,0.140135691181,0.141112030372,0.130861186668,0.620517928287,0.605263157895,0.628458498024,0.454806372795,0.42636589404,0.570572729451,0.245725484

Returned AUC 0.496263848445
Returned AUC 0.446771523179
Returned AUC 0.456146657081
50,0.071883130255,0.0718762063418,0.08601137901,0.83764940239,0.833333333333,0.802371541502,0.496263848445,0.446771523179,0.456146657081,13.843462629

Returned AUC 0.358779328581
Returned AUC 0.335720198675
Returned AUC 0.244069015097
100,0.0696614740769,0.0597615937051,0.0797433720049,0.862549800797,0.880116959064,0.841897233202,0.358779328581,0.335720198675,0.244069015097,27.822514798

Returned AUC 0.378347056264
Returned AUC 0.380546357616
Returned AUC 0.339743589744
150,0.0682213454166,0.0581249677858,0.0769337408566,0.861553784861,0.883040935673,0.845849802372,0.378347056264,0.380546357616,0.339743589744,41.300843442

Returned AUC 0.388174850219
Returned AUC 0.353683774834
Returned AUC 0.310508027798
200,0.0694787148032,0.0604020957467,0.0777465429975,0.856573705179,0.877192982456,0.841897233202,0.388174850219,0.353683774834,0.310508027798,55.058914136

Returned AUC 0.41290122837
Returned AUC 0.361341059603
Returned AUC 0.366942247783
250,0.0688229191788,0.0604305068041,0.076978797157,0.855577689243,0.87134502924,0.841897233202,0.41290122837,0.361341059603,0.366942247783,67.806905365

Returned AUC 0.374991632359
Returned AUC 0.325
Returned AUC 0.33459142104
300,0.0710442460941,0.063607112908,0.0781478823207,0.850597609562,0.87134502924,0.841897233202,0.374991632359,0.325,0.33459142104,80.943580987

Returned AUC 0.395831241423
Returned AUC 0.360430463576
Returned AUC 0.338964773544
350,0.0690814696586,0.0601804489544,0.0775315151777,0.857569721116,0.880116959064,0.841897233202,0.395831241423,0.360430463576,0.338964773544,94.400010787

Returned AUC 0.409437025136
Returned AUC 0.362334437086
Returned AUC 0.369278696382
400,0.068636259213,0.0601796815899,0.0769625313224,0.855577689243,0.877192982456,0.841897233202,0.409437025136,0.362334437086,0.369278696382,108.020943246

Returned AUC 0.415403152927
Returned AUC 0.387582781457
Returned AUC 0.381200575126
450,0.0683640383699,0.0587560712162,0.0779168698722,0.857569721116,0.880116959064,0.841897233202,0.415403152927,0.387582781457,0.381200575126,121.725465274

Returned AUC 0.414227499414
Returned AUC 0.393460264901
Returned AUC 0.378684399712
500,0.067805995223,0.0590656273474,0.0773219198661,0.858565737052,0.880116959064,0.841897233202,0.414227499414,0.393460264901,0.378684399712,135.1042903

Returned AUC 0.412687853533
Returned AUC 0.390024834437
Returned AUC 0.372513779056
550,0.0687675915503,0.059903300203,0.0778515961807,0.856573705179,0.877192982456,0.841897233202,0.412687853533,0.390024834437,0.372513779056,148.64309679

Returned AUC 0.390379723533
Returned AUC 0.379014900662
Returned AUC 0.330158159597
600,0.068942207135,0.0596533016039,0.0780808789257,0.860557768924,0.880116959064,0.841897233202,0.390379723533,0.379014900662,0.330158159597,162.072755574

Returned AUC 0.388794055628
Returned AUC 0.362168874172
Returned AUC 0.334291876348
650,0.0685827250752,0.0594368991582,0.0775986281829,0.861553784861,0.877192982456,0.845849802372,0.388794055628,0.362168874172,0.334291876348,175.685310956

Returned AUC 0.400726311209
Returned AUC 0.379842715232
Returned AUC 0.356518092499
700,0.0690009333397,0.0605616331124,0.0778427778552,0.853585657371,0.87134502924,0.841897233202,0.400726311209,0.379842715232,0.356518092499,189.010717722

Returned AUC 0.399023496335
Returned AUC 0.390149006623
Returned AUC 0.347411933861
750,0.0685419646595,0.0594737821033,0.0777101542438,0.858565737052,0.880116959064,0.841897233202,0.399023496335,0.390149006623,0.347411933861,202.033179147

Returned AUC 0.397755798775
Returned AUC 0.389528145695
Returned AUC 0.368859333813
800,0.0679894816192,0.058567980479,0.0773135021882,0.861553784861,0.883040935673,0.841897233202,0.397755798775,0.389528145695,0.368859333813,216.191420582

Returned AUC 0.388639254276
Returned AUC 0.37880794702
Returned AUC 0.366942247783
850,0.0678585117118,0.0581921216098,0.0772690023425,0.860557768924,0.883040935673,0.841897233202,0.388639254276,0.37880794702,0.366942247783,230.043308554

Returned AUC 0.384334103156
Returned AUC 0.387003311258
Returned AUC 0.357536544452
900,0.0675952458583,0.0577295622767,0.0771065754809,0.861553784861,0.883040935673,0.845849802372,0.384334103156,0.387003311258,0.357536544452,243.457965703

Returned AUC 0.418645613683
Returned AUC 0.420240066225
Returned AUC 0.371734962856
950,0.0675187663764,0.0574928553268,0.076588386657,0.862549800797,0.883040935673,0.845849802372,0.418645613683,0.420240066225,0.371734962856,256.883917818

Returned AUC 0.3788072765
Returned AUC 0.377566225166
Returned AUC 0.35196501318
1000,0.068271556354,0.0593520073407,0.0771812483754,0.856573705179,0.880116959064,0.841897233202,0.3788072765,0.377566225166,0.35196501318,270.171588342

Returned AUC 0.393011346521
Returned AUC 0.38071192053
Returned AUC 0.360472082435
1050,0.0686302491369,0.0594897905992,0.0773289108518,0.853585657371,0.883040935673,0.841897233202,0.393011346521,0.38071192053,0.360472082435,283.665574485

Returned AUC 0.381765237474
Returned AUC 0.365935430464
Returned AUC 0.352923556195
1100,0.0687687683477,0.0598705226484,0.0774651271451,0.853585657371,0.874269005848,0.841897233202,0.381765237474,0.365935430464,0.352923556195,297.027290525

Returned AUC 0.406709174281
Returned AUC 0.386920529801
Returned AUC 0.375509225977
1150,0.0689929480069,0.0600418441351,0.0774632675253,0.854581673307,0.877192982456,0.841897233202,0.406709174281,0.386920529801,0.375509225977,310.621693381

Returned AUC 0.387446865482
Returned AUC 0.392342715232
Returned AUC 0.357776180206
1200,0.0689581229064,0.0597430448839,0.0778623344287,0.856573705179,0.880116959064,0.841897233202,0.387446865482,0.392342715232,0.357776180206,323.94087115

Returned AUC 0.384212772367
Returned AUC 0.372599337748
Returned AUC 0.363886891924
1250,0.0694911496255,0.0602275682096,0.0772296922241,0.854581673307,0.874269005848,0.837944664032,0.384212772367,0.372599337748,0.363886891924,337.744972513

Returned AUC 0.383355089199
Returned AUC 0.384023178808
Returned AUC 0.361610352265
1300,0.0694269985638,0.0597170089017,0.0773534655606,0.857569721116,0.877192982456,0.841897233202,0.383355089199,0.384023178808,0.361610352265,351.456268039

Returned AUC 0.370954245741
Returned AUC 0.36386589404
Returned AUC 0.346932662353
1350,0.0694591320536,0.0602343660725,0.0775387745394,0.855577689243,0.877192982456,0.841897233202,0.370954245741,0.36386589404,0.346932662353,365.030245727

Returned AUC 0.337939719517
Returned AUC 0.329677152318
Returned AUC 0.307452671939
1400,0.0700989914767,0.0606264801988,0.0777971865877,0.857569721116,0.877192982456,0.841897233202,0.337939719517,0.329677152318,0.307452671939,378.583202304

Returned AUC 0.323744017137
Returned AUC 0.307698675497
Returned AUC 0.286005271987
1450,0.0697354225997,0.0607510443167,0.0776460354138,0.857569721116,0.877192982456,0.845849802372,0.323744017137,0.307698675497,0.286005271987,392.213016346

Returned AUC 0.334542457409
Returned AUC 0.321854304636
Returned AUC 0.303199137311
1500,0.0700337728675,0.0615144797456,0.0780763127203,0.857569721116,0.874269005848,0.845849802372,0.334542457409,0.321854304636,0.303199137311,405.777386836

Returned AUC 0.330425578204
Returned AUC 0.307201986755
Returned AUC 0.27641984184
1550,0.0707796675248,0.0620860075592,0.0782233851702,0.849601593625,0.87134502924,0.845849802372,0.330425578204,0.307201986755,0.27641984184,419.553270576

Returned AUC 0.310782541755
Returned AUC 0.318956953642
Returned AUC 0.27378384855
1600,0.0709941437519,0.0617705873894,0.0787697364952,0.853585657371,0.877192982456,0.845849802372,0.310782541755,0.318956953642,0.27378384855,433.782655038

Returned AUC 0.332739230846
Returned AUC 0.326862582781
Returned AUC 0.298106877546
1650,0.0700971798257,0.0606078445505,0.0782193033453,0.858565737052,0.880116959064,0.845849802372,0.332739230846,0.326862582781,0.298106877546,448.46545665

Returned AUC 0.313694480704
Returned AUC 0.331829470199
Returned AUC 0.28324946082
1700,0.0721833757313,0.0629040952051,0.0797227672062,0.846613545817,0.868421052632,0.841897233202,0.313694480704,0.331829470199,0.28324946082,462.286768912

Returned AUC 0.318505874084
Returned AUC 0.321481788079
Returned AUC 0.295051521687
1750,0.0708231922777,0.0612018742369,0.0784590058978,0.855577689243,0.877192982456,0.845849802372,0.318505874084,0.321481788079,0.295051521687,475.717949476

Returned AUC 0.319865615691
Returned AUC 0.327566225166
Returned AUC 0.283429187635
1800,0.0702221784906,0.0606397276688,0.0781971134522,0.859561752988,0.880116959064,0.845849802372,0.319865615691,0.327566225166,0.283429187635,489.676405566

Returned AUC 0.328509388493
Returned AUC 0.314072847682
Returned AUC 0.308710759645
1850,0.0695139895228,0.0596452979365,0.0777569922212,0.860557768924,0.883040935673,0.845849802372,0.328509388493,0.314072847682,0.308710759645,503.249451535

Returned AUC 0.322396826991
Returned AUC 0.316597682119
Returned AUC 0.294212796549
1900,0.0700961145263,0.0600311950927,0.0779651443679,0.860557768924,0.880116959064,0.845849802372,0.322396826991,0.316597682119,0.294212796549,516.84048673

Returned AUC 0.350223416006
Returned AUC 0.342342715232
Returned AUC 0.305595494848
1950,0.069207298629,0.0592119442678,0.0774317011422,0.862549800797,0.883040935673,0.845849802372,0.350223416006,0.342342715232,0.305595494848,530.462279059

Returned AUC 0.326258493155
Returned AUC 0.324751655629
Returned AUC 0.293853342919
2000,0.0702627228613,0.06050292185,0.0778802403407,0.856573705179,0.880116959064,0.845849802372,0.326258493155,0.324751655629,0.293853342919,543.927994791

Returned AUC 0.341504334438
Returned AUC 0.333029801325
Returned AUC 0.323508267434
2050,0.0695907913851,0.0601777212167,0.077383745217,0.859561752988,0.883040935673,0.845849802372,0.341504334438,0.333029801325,0.323508267434,557.44449082

Returned AUC 0.363373163303
Returned AUC 0.362086092715
Returned AUC 0.34064222382
2100,0.0689441963193,0.0593200569285,0.0769371831277,0.862549800797,0.883040935673,0.845849802372,0.363373163303,0.362086092715,0.34064222382,571.004676275

Returned AUC 0.351332128393
Returned AUC 0.34809602649
Returned AUC 0.314402108795
2150,0.0693979245124,0.0595577251316,0.0774787940266,0.862549800797,0.883040935673,0.845849802372,0.351332128393,0.34809602649,0.314402108795,584.629345733

Returned AUC 0.3463533822
Returned AUC 0.333774834437
Returned AUC 0.32177090822
2200,0.0694722630201,0.0598059782618,0.0775524644676,0.862549800797,0.883040935673,0.845849802372,0.3463533822,0.333774834437,0.32177090822,598.199876779

Returned AUC 0.36549436021
Returned AUC 0.354677152318
Returned AUC 0.347172298107
2250,0.0687078578158,0.05936991878,0.0767868546418,0.861553784861,0.883040935673,0.845849802372,0.36549436021,0.354677152318,0.347172298107,611.726182612

Returned AUC 0.362548950698
Returned AUC 0.364114238411
Returned AUC 0.347951114306
2300,0.0688264265003,0.0593656635591,0.0768621722377,0.861553784861,0.883040935673,0.845849802372,0.362548950698,0.364114238411,0.347951114306,625.348826814

Returned AUC 0.356545168524
Returned AUC 0.360264900662
Returned AUC 0.336268871316
2350,0.0691631901622,0.0594194693239,0.0772030584259,0.861553784861,0.883040935673,0.845849802372,0.356545168524,0.360264900662,0.336268871316,639.06662236

Returned AUC 0.35078823175
Returned AUC 0.354470198675
Returned AUC 0.314342199856
2400,0.0693270806437,0.0591830715016,0.0774180835596,0.862549800797,0.883040935673,0.845849802372,0.35078823175,0.354470198675,0.314342199856,652.619599458

Returned AUC 0.346968403789
Returned AUC 0.367425496689
Returned AUC 0.309130122214
2450,0.0690656245141,0.058962718978,0.0775705760565,0.862549800797,0.883040935673,0.845849802372,0.346968403789,0.367425496689,0.309130122214,666.063969047

Returned AUC 0.346675536366
Returned AUC 0.368874172185
Returned AUC 0.32554517134
2500,0.0687462034977,0.0585594233599,0.0775059125067,0.862549800797,0.883040935673,0.845849802372,0.346675536366,0.368874172185,0.32554517134,679.433588219

Returned AUC 0.371347524852
Returned AUC 0.381084437086
Returned AUC 0.341720584711
2550,0.0684394980734,0.0584346091084,0.0773379791844,0.862549800797,0.883040935673,0.845849802372,0.371347524852,0.381084437086,0.341720584711,692.911484496

Returned AUC 0.355896676373
Returned AUC 0.356208609272
Returned AUC 0.348370476875
2600,0.0701365816373,0.0603740378782,0.0780294974551,0.860557768924,0.880116959064,0.841897233202,0.355896676373,0.356208609272,0.348370476875,706.497629994

Returned AUC 0.364657596144
Returned AUC 0.378849337748
Returned AUC 0.338964773544
2650,0.0692165422746,0.0596928951676,0.077555943682,0.862549800797,0.880116959064,0.845849802372,0.364657596144,0.378849337748,0.338964773544,719.986033416

Returned AUC 0.383334170097
Returned AUC 0.39482615894
Returned AUC 0.379343398035
2700,0.0693074902563,0.0593524447413,0.0777409612871,0.862549800797,0.883040935673,0.845849802372,0.383334170097,0.39482615894,0.379343398035,733.206347024

Returned AUC 0.386103859156
Returned AUC 0.400041390728
Returned AUC 0.369458423197
2750,0.0695001577953,0.0595695815738,0.0779248003407,0.861553784861,0.883040935673,0.845849802372,0.386103859156,0.400041390728,0.369458423197,746.642666665

Returned AUC 0.38818321786
Returned AUC 0.400248344371
Returned AUC 0.359693266235
2800,0.0701647485723,0.0606593286859,0.0783684555424,0.860557768924,0.883040935673,0.845849802372,0.38818321786,0.400248344371,0.359693266235,759.956324245

Returned AUC 0.403571309034
Returned AUC 0.417094370861
Returned AUC 0.385693745507
2850,0.0694712508708,0.0597197612214,0.0780645588242,0.861553784861,0.883040935673,0.845849802372,0.403571309034,0.417094370861,0.385693745507,773.333466917

Returned AUC 0.40618201292
Returned AUC 0.414569536424
Returned AUC 0.393481907501
2900,0.0694300125966,0.0600251862293,0.0777480259976,0.861553784861,0.883040935673,0.845849802372,0.40618201292,0.414569536424,0.393481907501,787.019780421

Returned AUC 0.405654851558
Returned AUC 0.406912251656
Returned AUC 0.376168224299
2950,0.0699619172594,0.0606398397189,0.0781600909012,0.861553784861,0.880116959064,0.845849802372,0.405654851558,0.406912251656,0.376168224299,800.495145698

Returned AUC 0.402617397998
Returned AUC 0.412168874172
Returned AUC 0.372753414809
3000,0.0694572481394,0.0600341823679,0.0780472590005,0.861553784861,0.883040935673,0.845849802372,0.402617397998,0.412168874172,0.372753414809,814.0504208

Returned AUC 0.416495130033
Returned AUC 0.406415562914
Returned AUC 0.368020608675
3050,0.0693417572941,0.0600004499472,0.0780612071087,0.861553784861,0.883040935673,0.845849802372,0.416495130033,0.406415562914,0.368020608675,827.689176144

Returned AUC 0.403039963852
Returned AUC 0.387789735099
Returned AUC 0.37916367122
3100,0.0697913956724,0.0604457024281,0.0783063728937,0.861553784861,0.880116959064,0.845849802372,0.403039963852,0.387789735099,0.37916367122,841.184435197

Returned AUC 0.414583124142
Returned AUC 0.407450331126
Returned AUC 0.397495806374
3150,0.0690023847228,0.0596685905954,0.077330479082,0.862549800797,0.880116959064,0.845849802372,0.414583124142,0.407450331126,0.397495806374,854.642728152

Returned AUC 0.411495464739
Returned AUC 0.403890728477
Returned AUC 0.380721303618
3200,0.0693548659441,0.0604475954606,0.0777172501443,0.861553784861,0.880116959064,0.845849802372,0.411495464739,0.403890728477,0.380721303618,868.02771525

Returned AUC 0.412796632861
Returned AUC 0.398799668874
Returned AUC 0.385813563384
3250,0.0694103198062,0.0608942879144,0.0773844083682,0.860557768924,0.877192982456,0.845849802372,0.412796632861,0.398799668874,0.385813563384,881.344034947

Returned AUC 0.409144157713
Returned AUC 0.410554635762
Returned AUC 0.391205367841
3300,0.0692249823215,0.0612392881056,0.077266105635,0.862549800797,0.877192982456,0.845849802372,0.409144157713,0.410554635762,0.391205367841,894.974272477

Returned AUC 0.402826589015
Returned AUC 0.402359271523
Returned AUC 0.397016534867
3350,0.0695243416789,0.0610710787774,0.0773933185496,0.860557768924,0.880116959064,0.845849802372,0.402826589015,0.402359271523,0.397016534867,908.401970801

Returned AUC 0.392530207183
Returned AUC 0.388203642384
Returned AUC 0.376048406422
3400,0.0691596969301,0.0602664129946,0.0774769733582,0.861553784861,0.877192982456,0.845849802372,0.392530207183,0.388203642384,0.376048406422,921.940929161

Returned AUC 0.398211835191
Returned AUC 0.37880794702
Returned AUC 0.402048885694
3450,0.0697026227,0.0611239938536,0.0773386886295,0.860557768924,0.877192982456,0.845849802372,0.398211835191,0.37880794702,0.402048885694,938.160777181

Returned AUC 0.390007363524
Returned AUC 0.382036423841
Returned AUC 0.355859094177
3500,0.0696815462425,0.0610070754528,0.0779543877314,0.861553784861,0.877192982456,0.845849802372,0.390007363524,0.382036423841,0.355859094177,952.005548086

Returned AUC 0.383719081568
Returned AUC 0.362913907285
Returned AUC 0.333513060149
3550,0.0693456516372,0.060799346391,0.0778937496985,0.860557768924,0.877192982456,0.845849802372,0.383719081568,0.362913907285,0.333513060149,966.035500176

Returned AUC 0.395337550624
Returned AUC 0.380380794702
Returned AUC 0.329439252336
3600,0.0689630917123,0.0595325073067,0.0775751800292,0.862549800797,0.880116959064,0.845849802372,0.395337550624,0.380380794702,0.329439252336,979.527248396

Returned AUC 0.391467516819
Returned AUC 0.392011589404
Returned AUC 0.337167505392
3650,0.0692185194376,0.0599895000078,0.0777507296099,0.861553784861,0.880116959064,0.845849802372,0.391467516819,0.392011589404,0.337167505392,992.934988625

Returned AUC 0.384727382267
Returned AUC 0.377400662252
Returned AUC 0.32967888809
3700,0.0694943621489,0.0607886137611,0.078072659058,0.861553784861,0.880116959064,0.845849802372,0.384727382267,0.377400662252,0.32967888809,1006.50724857

Returned AUC 0.389559694748
Returned AUC 0.377235099338
Returned AUC 0.341720584711
3750,0.0704827485799,0.0617322223463,0.0785510683612,0.859561752988,0.874269005848,0.845849802372,0.389559694748,0.377235099338,0.341720584711,1020.44743833

Returned AUC 0.389509488905
Returned AUC 0.378518211921
Returned AUC 0.33986340762
3800,0.0701914519074,0.061934311885,0.0784364512067,0.859561752988,0.874269005848,0.845849802372,0.389509488905,0.378518211921,0.33986340762,1033.77777334

Returned AUC 0.386066204773
Returned AUC 0.380380794702
Returned AUC 0.320213275821
3850,0.0694195324668,0.0602343936204,0.0778155620008,0.861553784861,0.880116959064,0.845849802372,0.386066204773,0.380380794702,0.320213275821,1047.49933852

Returned AUC 0.382723332329
Returned AUC 0.377110927152
Returned AUC 0.326563623293
3900,0.0698055202455,0.0609847222193,0.0779633303317,0.859561752988,0.880116959064,0.845849802372,0.382723332329,0.377110927152,0.326563623293,1061.08884301

Returned AUC 0.37246042106
Returned AUC 0.371399006623
Returned AUC 0.310088665229
3950,0.069824153286,0.0617966696495,0.0780237693308,0.859561752988,0.874269005848,0.845849802372,0.37246042106,0.371399006623,0.310088665229,1074.41244451

Returned AUC 0.40124510493
Returned AUC 0.403766556291
Returned AUC 0.354001917086
4000,0.0691015627247,0.0592976862682,0.0775932698662,0.862549800797,0.883040935673,0.845849802372,0.40124510493,0.403766556291,0.354001917086,1087.9540595

Returned AUC 0.378556247281
Returned AUC 0.392756622517
Returned AUC 0.336448598131
4050,0.0697521404246,0.0598213468955,0.0777742217603,0.862549800797,0.883040935673,0.845849802372,0.378556247281,0.392756622517,0.336448598131,1101.58524363

Returned AUC 0.373665361315
Returned AUC 0.392218543046
Returned AUC 0.329439252336
4100,0.0696342667446,0.0595561157237,0.0777326835549,0.862549800797,0.883040935673,0.845849802372,0.373665361315,0.392218543046,0.329439252336,1115.22349191

Returned AUC 0.407027144626
Returned AUC 0.422930463576
Returned AUC 0.376168224299
4150,0.0689455919414,0.0586963204231,0.0772818298976,0.862549800797,0.883040935673,0.845849802372,0.407027144626,0.422930463576,0.376168224299,1128.74440312

Returned AUC 0.443631388694
Returned AUC 0.464362582781
Returned AUC 0.429906542056
4200,0.0687970417281,0.0585147105125,0.0772775363766,0.862549800797,0.883040935673,0.845849802372,0.443631388694,0.464362582781,0.429906542056,1141.75202724

Returned AUC 0.432899889547
Returned AUC 0.454180463576
Returned AUC 0.418224299065
4250,0.0688912602533,0.0585684757229,0.0773138823851,0.862549800797,0.883040935673,0.845849802372,0.432899889547,0.454180463576,0.418224299065,1155.20772498

Returned AUC 0.399203400609
Returned AUC 0.424503311258
Returned AUC 0.366822429907
4300,0.0693886317468,0.0592648704655,0.0777918531458,0.862549800797,0.883040935673,0.845849802372,0.399203400609,0.424503311258,0.366822429907,1168.76538571

Returned AUC 0.402554640694
Returned AUC 0.429428807947
Returned AUC 0.373831775701
4350,0.0691456076391,0.0588884853748,0.0775817066341,0.862549800797,0.883040935673,0.845849802372,0.402554640694,0.429428807947,0.373831775701,1182.29836062

Returned AUC 0.393743515078
Returned AUC 0.435182119205
Returned AUC 0.380841121495
4400,0.0693131684826,0.0589492774125,0.077669139085,0.862549800797,0.883040935673,0.845849802372,0.393743515078,0.435182119205,0.380841121495,1196.02905996

Returned AUC 0.413139706128
Returned AUC 0.446523178808
Returned AUC 0.39953271028
4450,0.0691868586397,0.0589185205286,0.0775507703365,0.862549800797,0.883040935673,0.845849802372,0.413139706128,0.446523178808,0.39953271028,1209.61207451

Returned AUC 0.417126886903
Returned AUC 0.448551324503
Returned AUC 0.392523364486
4500,0.0690818792645,0.0589644488097,0.0775002001417,0.862549800797,0.883040935673,0.845849802372,0.417126886903,0.448551324503,0.392523364486,1223.02956926

Returned AUC 0.442899220136
Returned AUC 0.461341059603
Returned AUC 0.439252336449
4550,0.0687931488189,0.0585382079358,0.0771824949285,0.862549800797,0.883040935673,0.845849802372,0.442899220136,0.461341059603,0.439252336449,1236.56009092

Returned AUC 0.440029119389
Returned AUC 0.466721854305
Returned AUC 0.434579439252
4600,0.0687678816841,0.058590674003,0.0771905978903,0.862549800797,0.883040935673,0.845849802372,0.440029119389,0.466721854305,0.434579439252,1249.93136814

Returned AUC 0.452480168692
Returned AUC 0.472599337748
Returned AUC 0.453271028037
4650,0.0687770045788,0.0585898017358,0.077164525865,0.862549800797,0.883040935673,0.845849802372,0.452480168692,0.472599337748,0.453271028037,1263.5501174

Returned AUC 0.458634568397
Returned AUC 0.460968543046
Returned AUC 0.464953271028
4700,0.0687920733682,0.0585495530001,0.077127065013,0.862549800797,0.883040935673,0.845849802372,0.458634568397,0.460968543046,0.464953271028,1277.19890745

Returned AUC 0.458337517154
Returned AUC 0.45815397351
Returned AUC 0.455607476636
4750,0.0687572438397,0.0585868778504,0.0771555470351,0.862549800797,0.883040935673,0.845849802372,0.458337517154,0.45815397351,0.455607476636,1290.78734662

Returned AUC 0.46209458781
Returned AUC 0.461092715232
Returned AUC 0.46261682243
4800,0.0687658311017,0.0585271346665,0.0771361145845,0.862549800797,0.883040935673,0.845849802372,0.46209458781,0.461092715232,0.46261682243,1304.27341648

Returned AUC 0.458103223215
Returned AUC 0.459644039735
Returned AUC 0.457943925234
4850,0.0688111109886,0.0585771171294,0.0771815007605,0.862549800797,0.883040935673,0.845849802372,0.458103223215,0.459644039735,0.457943925234,1317.62502952

Returned AUC 0.466454128594
Returned AUC 0.46196192053
Returned AUC 0.467289719626
4900,0.0688074171521,0.0585741603134,0.0771705581111,0.862549800797,0.883040935673,0.845849802372,0.466454128594,0.46196192053,0.467289719626,1330.8872355

Returned AUC 0.474620945878
Returned AUC 0.463741721854
Returned AUC 0.467289719626
4950,0.0687619046821,0.0585157363353,0.0771971113276,0.862549800797,0.883040935673,0.845849802372,0.474620945878,0.463741721854,0.467289719626,1343.9765433

Returned AUC 0.468035612679
Returned AUC 0.468336092715
Returned AUC 0.464953271028
5000,0.0687237295151,0.0585017377414,0.0771747068623,0.862549800797,0.883040935673,0.845849802372,0.468035612679,0.468336092715,0.464953271028,1357.13128201

