Using seed 653091685

Error results for Backprop
---------------------------
0,0.0637443440028,0.0595043314178,0.065054756915,0.861553784861,0.877192982456,0.865612648221,0.925628678438,0.934579439252,0.927966101695,0.047301759

10,1.78996389413e-32,0.0,0.0,1.0,1.0,1.0,1.0,1.0,1.0,0.373161686

20,0.0,0.0,0.0,1.0,1.0,1.0,1.0,1.0,1.0,0.693674126

30,0.0,0.0,0.0,1.0,1.0,1.0,1.0,1.0,1.0,1.014163622

40,0.0,0.0,0.0,1.0,1.0,1.0,1.0,1.0,1.0,1.33480178

50,0.0,0.0,0.0,1.0,1.0,1.0,1.0,1.0,1.0,1.654078267

60,0.0,0.0,0.0,1.0,1.0,1.0,1.0,1.0,1.0,1.974241518

70,0.0,0.0,0.0,1.0,1.0,1.0,1.0,1.0,1.0,2.292401641

80,0.0,0.0,0.0,1.0,1.0,1.0,1.0,1.0,1.0,2.609546362

90,0.0,0.0,0.0,1.0,1.0,1.0,1.0,1.0,1.0,2.926402694

100,0.0,0.0,0.0,1.0,1.0,1.0,1.0,1.0,1.0,3.243618548

110,0.0,0.0,0.0,1.0,1.0,1.0,1.0,1.0,1.0,3.561098589

120,0.0,0.0,0.0,1.0,1.0,1.0,1.0,1.0,1.0,3.878702744

130,0.0,0.0,0.0,1.0,1.0,1.0,1.0,1.0,1.0,4.19599382

140,0.0,0.0,0.0,1.0,1.0,1.0,1.0,1.0,1.0,4.513934199

150,0.0,0.0,0.0,1.0,1.0,1.0,1.0,1.0,1.0,4.846983214

160,0.0,0.0,0.0,1.0,1.0,1.0,1.0,1.0,1.0,5.192394911

170,0.0,0.0,0.0,1.0,1.0,1.0,1.0,1.0,1.0,5.53731572

180,0.0,0.0,0.0,1.0,1.0,1.0,1.0,1.0,1.0,5.882800254

190,0.0,0.0,0.0,1.0,1.0,1.0,1.0,1.0,1.0,6.227577635

200,0.0,0.0,0.0,1.0,1.0,1.0,1.0,1.0,1.0,6.573651651

210,0.0,0.0,0.0,1.0,1.0,1.0,1.0,1.0,1.0,6.918489848

220,0.0,0.0,0.0,1.0,1.0,1.0,1.0,1.0,1.0,7.263445302

230,0.0,0.0,0.0,1.0,1.0,1.0,1.0,1.0,1.0,7.608271633

240,0.0,0.0,0.0,1.0,1.0,1.0,1.0,1.0,1.0,7.95568625

250,0.0,0.0,0.0,1.0,1.0,1.0,1.0,1.0,1.0,8.302336959

260,0.0,0.0,0.0,1.0,1.0,1.0,1.0,1.0,1.0,8.65064936

270,0.0,0.0,0.0,1.0,1.0,1.0,1.0,1.0,1.0,8.996848997

280,0.0,0.0,0.0,1.0,1.0,1.0,1.0,1.0,1.0,9.343162479

290,0.0,0.0,0.0,1.0,1.0,1.0,1.0,1.0,1.0,9.68933551

300,0.0,0.0,0.0,1.0,1.0,1.0,1.0,1.0,1.0,10.035808414

310,0.0,0.0,0.0,1.0,1.0,1.0,1.0,1.0,1.0,10.382932069

320,0.0,0.0,0.0,1.0,1.0,1.0,1.0,1.0,1.0,10.729792881

330,0.0,0.0,0.0,1.0,1.0,1.0,1.0,1.0,1.0,11.075838257

340,0.0,0.0,0.0,1.0,1.0,1.0,1.0,1.0,1.0,11.426568983

350,0.0,0.0,0.0,1.0,1.0,1.0,1.0,1.0,1.0,11.771694421

360,0.0,0.0,0.0,1.0,1.0,1.0,1.0,1.0,1.0,12.117488336

370,0.0,0.0,0.0,1.0,1.0,1.0,1.0,1.0,1.0,12.463047648

380,0.0,0.0,0.0,1.0,1.0,1.0,1.0,1.0,1.0,12.80789034

390,0.0,0.0,0.0,1.0,1.0,1.0,1.0,1.0,1.0,13.153438783

400,0.0,0.0,0.0,1.0,1.0,1.0,1.0,1.0,1.0,13.49862675

410,0.0,0.0,0.0,1.0,1.0,1.0,1.0,1.0,1.0,13.84347886

420,0.0,0.0,0.0,1.0,1.0,1.0,1.0,1.0,1.0,14.188323508

430,0.0,0.0,0.0,1.0,1.0,1.0,1.0,1.0,1.0,14.533538546

440,0.0,0.0,0.0,1.0,1.0,1.0,1.0,1.0,1.0,14.878659639

450,0.0,0.0,0.0,1.0,1.0,1.0,1.0,1.0,1.0,15.227155395

460,0.0,0.0,0.0,1.0,1.0,1.0,1.0,1.0,1.0,15.572010571

470,0.0,0.0,0.0,1.0,1.0,1.0,1.0,1.0,1.0,15.917843564

480,0.0,0.0,0.0,1.0,1.0,1.0,1.0,1.0,1.0,16.263203139

490,0.0,0.0,0.0,1.0,1.0,1.0,1.0,1.0,1.0,16.608975771

500,0.0,0.0,0.0,1.0,1.0,1.0,1.0,1.0,1.0,16.953661035

510,0.0,0.0,0.0,1.0,1.0,1.0,1.0,1.0,1.0,17.298753636

520,0.0,0.0,0.0,1.0,1.0,1.0,1.0,1.0,1.0,17.646478159

530,0.0,0.0,0.0,1.0,1.0,1.0,1.0,1.0,1.0,17.991897342

540,0.0,0.0,0.0,1.0,1.0,1.0,1.0,1.0,1.0,18.336682755

550,0.0,0.0,0.0,1.0,1.0,1.0,1.0,1.0,1.0,18.685484223

560,0.0,0.0,0.0,1.0,1.0,1.0,1.0,1.0,1.0,19.030154791

570,0.0,0.0,0.0,1.0,1.0,1.0,1.0,1.0,1.0,19.37530379

580,0.0,0.0,0.0,1.0,1.0,1.0,1.0,1.0,1.0,19.720309554

590,0.0,0.0,0.0,1.0,1.0,1.0,1.0,1.0,1.0,20.065677788

600,0.0,0.0,0.0,1.0,1.0,1.0,1.0,1.0,1.0,20.414115961

610,0.0,0.0,0.0,1.0,1.0,1.0,1.0,1.0,1.0,20.759808742

620,0.0,0.0,0.0,1.0,1.0,1.0,1.0,1.0,1.0,21.105771506

630,0.0,0.0,0.0,1.0,1.0,1.0,1.0,1.0,1.0,21.451498645

640,0.0,0.0,0.0,1.0,1.0,1.0,1.0,1.0,1.0,21.796522977

650,0.0,0.0,0.0,1.0,1.0,1.0,1.0,1.0,1.0,22.146970734

660,0.0,0.0,0.0,1.0,1.0,1.0,1.0,1.0,1.0,22.492259355

670,0.0,0.0,0.0,1.0,1.0,1.0,1.0,1.0,1.0,22.837559876

680,0.0,0.0,0.0,1.0,1.0,1.0,1.0,1.0,1.0,23.183424751

690,0.0,0.0,0.0,1.0,1.0,1.0,1.0,1.0,1.0,23.528178035

700,0.0,0.0,0.0,1.0,1.0,1.0,1.0,1.0,1.0,23.873085953

710,0.0,0.0,0.0,1.0,1.0,1.0,1.0,1.0,1.0,24.218977027

720,0.0,0.0,0.0,1.0,1.0,1.0,1.0,1.0,1.0,24.563742955

730,0.0,0.0,0.0,1.0,1.0,1.0,1.0,1.0,1.0,24.909761542

740,0.0,0.0,0.0,1.0,1.0,1.0,1.0,1.0,1.0,25.254571774

750,0.0,0.0,0.0,1.0,1.0,1.0,1.0,1.0,1.0,25.599489491

760,0.0,0.0,0.0,1.0,1.0,1.0,1.0,1.0,1.0,25.947966289

770,0.0,0.0,0.0,1.0,1.0,1.0,1.0,1.0,1.0,26.292918894

780,0.0,0.0,0.0,1.0,1.0,1.0,1.0,1.0,1.0,26.637988682

790,0.0,0.0,0.0,1.0,1.0,1.0,1.0,1.0,1.0,26.983136468

800,0.0,0.0,0.0,1.0,1.0,1.0,1.0,1.0,1.0,27.327971446

810,0.0,0.0,0.0,1.0,1.0,1.0,1.0,1.0,1.0,27.673251538

820,0.0,0.0,0.0,1.0,1.0,1.0,1.0,1.0,1.0,28.018255131

830,0.0,0.0,0.0,1.0,1.0,1.0,1.0,1.0,1.0,28.363417192

840,0.0,0.0,0.0,1.0,1.0,1.0,1.0,1.0,1.0,28.709432525

850,0.0,0.0,0.0,1.0,1.0,1.0,1.0,1.0,1.0,29.054567742

860,0.0,0.0,0.0,1.0,1.0,1.0,1.0,1.0,1.0,29.39935969

870,0.0,0.0,0.0,1.0,1.0,1.0,1.0,1.0,1.0,29.747504651

880,0.0,0.0,0.0,1.0,1.0,1.0,1.0,1.0,1.0,30.092513838

890,0.0,0.0,0.0,1.0,1.0,1.0,1.0,1.0,1.0,30.437508953

900,0.0,0.0,0.0,1.0,1.0,1.0,1.0,1.0,1.0,30.782699637

910,0.0,0.0,0.0,1.0,1.0,1.0,1.0,1.0,1.0,31.127681513

920,0.0,0.0,0.0,1.0,1.0,1.0,1.0,1.0,1.0,31.473039624

930,0.0,0.0,0.0,1.0,1.0,1.0,1.0,1.0,1.0,31.818062558

940,0.0,0.0,0.0,1.0,1.0,1.0,1.0,1.0,1.0,32.163259283

950,0.0,0.0,0.0,1.0,1.0,1.0,1.0,1.0,1.0,32.508631911

960,0.0,0.0,0.0,1.0,1.0,1.0,1.0,1.0,1.0,32.853401627

970,0.0,0.0,0.0,1.0,1.0,1.0,1.0,1.0,1.0,33.198549412

980,0.0,0.0,0.0,1.0,1.0,1.0,1.0,1.0,1.0,33.543557797

990,0.0,0.0,0.0,1.0,1.0,1.0,1.0,1.0,1.0,33.887791239

1000,0.0,0.0,0.0,1.0,1.0,1.0,1.0,1.0,1.0,34.230430756

1010,0.0,0.0,0.0,1.0,1.0,1.0,1.0,1.0,1.0,34.572210256

1020,0.0,0.0,0.0,1.0,1.0,1.0,1.0,1.0,1.0,34.913865872

1030,0.0,0.0,0.0,1.0,1.0,1.0,1.0,1.0,1.0,35.256490983

1040,0.0,0.0,0.0,1.0,1.0,1.0,1.0,1.0,1.0,35.599722134

1050,0.0,0.0,0.0,1.0,1.0,1.0,1.0,1.0,1.0,35.941484518

1060,0.0,0.0,0.0,1.0,1.0,1.0,1.0,1.0,1.0,36.282888974

1070,0.0,0.0,0.0,1.0,1.0,1.0,1.0,1.0,1.0,36.623852466

1080,0.0,0.0,0.0,1.0,1.0,1.0,1.0,1.0,1.0,36.964885001

1090,0.0,0.0,0.0,1.0,1.0,1.0,1.0,1.0,1.0,37.305773854

1100,0.0,0.0,0.0,1.0,1.0,1.0,1.0,1.0,1.0,37.647377794

1110,0.0,0.0,0.0,1.0,1.0,1.0,1.0,1.0,1.0,37.988525513

1120,0.0,0.0,0.0,1.0,1.0,1.0,1.0,1.0,1.0,38.329304249

1130,0.0,0.0,0.0,1.0,1.0,1.0,1.0,1.0,1.0,38.670009753

1140,0.0,0.0,0.0,1.0,1.0,1.0,1.0,1.0,1.0,39.010896428

1150,0.0,0.0,0.0,1.0,1.0,1.0,1.0,1.0,1.0,39.354255679

1160,0.0,0.0,0.0,1.0,1.0,1.0,1.0,1.0,1.0,39.695339737

1170,0.0,0.0,0.0,1.0,1.0,1.0,1.0,1.0,1.0,40.035286401

1180,0.0,0.0,0.0,1.0,1.0,1.0,1.0,1.0,1.0,40.375850788

1190,0.0,0.0,0.0,1.0,1.0,1.0,1.0,1.0,1.0,40.717620501

1200,0.0,0.0,0.0,1.0,1.0,1.0,1.0,1.0,1.0,41.056166478

1210,0.0,0.0,0.0,1.0,1.0,1.0,1.0,1.0,1.0,41.394688386

1220,0.0,0.0,0.0,1.0,1.0,1.0,1.0,1.0,1.0,41.733408633

1230,0.0,0.0,0.0,1.0,1.0,1.0,1.0,1.0,1.0,42.071861823

1240,0.0,0.0,0.0,1.0,1.0,1.0,1.0,1.0,1.0,42.410383616

1250,0.0,0.0,0.0,1.0,1.0,1.0,1.0,1.0,1.0,42.749116159

1260,0.0,0.0,0.0,1.0,1.0,1.0,1.0,1.0,1.0,43.088726519

1270,0.0,0.0,0.0,1.0,1.0,1.0,1.0,1.0,1.0,43.427975705

1280,0.0,0.0,0.0,1.0,1.0,1.0,1.0,1.0,1.0,43.766714172

1290,0.0,0.0,0.0,1.0,1.0,1.0,1.0,1.0,1.0,44.107787296

1300,0.0,0.0,0.0,1.0,1.0,1.0,1.0,1.0,1.0,44.447036998

1310,0.0,0.0,0.0,1.0,1.0,1.0,1.0,1.0,1.0,44.786490743

1320,0.0,0.0,0.0,1.0,1.0,1.0,1.0,1.0,1.0,45.125185235

1330,0.0,0.0,0.0,1.0,1.0,1.0,1.0,1.0,1.0,45.464215856

1340,0.0,0.0,0.0,1.0,1.0,1.0,1.0,1.0,1.0,45.802879267

1350,0.0,0.0,0.0,1.0,1.0,1.0,1.0,1.0,1.0,46.142060806

1360,0.0,0.0,0.0,1.0,1.0,1.0,1.0,1.0,1.0,46.480827119

1370,0.0,0.0,0.0,1.0,1.0,1.0,1.0,1.0,1.0,46.820016289

1380,0.0,0.0,0.0,1.0,1.0,1.0,1.0,1.0,1.0,47.159358178

1390,0.0,0.0,0.0,1.0,1.0,1.0,1.0,1.0,1.0,47.499411028

1400,0.0,0.0,0.0,1.0,1.0,1.0,1.0,1.0,1.0,47.837863318

1410,0.0,0.0,0.0,1.0,1.0,1.0,1.0,1.0,1.0,48.176480114

1420,0.0,0.0,0.0,1.0,1.0,1.0,1.0,1.0,1.0,48.515277826

1430,0.0,0.0,0.0,1.0,1.0,1.0,1.0,1.0,1.0,48.85397055

1440,0.0,0.0,0.0,1.0,1.0,1.0,1.0,1.0,1.0,49.192936261

1450,0.0,0.0,0.0,1.0,1.0,1.0,1.0,1.0,1.0,49.531438366

1460,0.0,0.0,0.0,1.0,1.0,1.0,1.0,1.0,1.0,49.870474914

1470,0.0,0.0,0.0,1.0,1.0,1.0,1.0,1.0,1.0,50.209268879

1480,0.0,0.0,0.0,1.0,1.0,1.0,1.0,1.0,1.0,50.548206903

1490,0.0,0.0,0.0,1.0,1.0,1.0,1.0,1.0,1.0,50.887067642

1500,0.0,0.0,0.0,1.0,1.0,1.0,1.0,1.0,1.0,51.225840778

1510,0.0,0.0,0.0,1.0,1.0,1.0,1.0,1.0,1.0,51.564417518

1520,0.0,0.0,0.0,1.0,1.0,1.0,1.0,1.0,1.0,51.902911043

1530,0.0,0.0,0.0,1.0,1.0,1.0,1.0,1.0,1.0,52.241721827

1540,0.0,0.0,0.0,1.0,1.0,1.0,1.0,1.0,1.0,52.580237499

1550,0.0,0.0,0.0,1.0,1.0,1.0,1.0,1.0,1.0,52.919240328

1560,0.0,0.0,0.0,1.0,1.0,1.0,1.0,1.0,1.0,53.257732132

1570,0.0,0.0,0.0,1.0,1.0,1.0,1.0,1.0,1.0,53.596621045

1580,0.0,0.0,0.0,1.0,1.0,1.0,1.0,1.0,1.0,53.935425258

1590,0.0,0.0,0.0,1.0,1.0,1.0,1.0,1.0,1.0,54.274376627

1600,0.0,0.0,0.0,1.0,1.0,1.0,1.0,1.0,1.0,54.613229007

1610,0.0,0.0,0.0,1.0,1.0,1.0,1.0,1.0,1.0,54.951737848

1620,0.0,0.0,0.0,1.0,1.0,1.0,1.0,1.0,1.0,55.290402085

1630,0.0,0.0,0.0,1.0,1.0,1.0,1.0,1.0,1.0,55.629737083

1640,0.0,0.0,0.0,1.0,1.0,1.0,1.0,1.0,1.0,55.968666333

1650,0.0,0.0,0.0,1.0,1.0,1.0,1.0,1.0,1.0,56.307127534

1660,0.0,0.0,0.0,1.0,1.0,1.0,1.0,1.0,1.0,56.645710602

1670,0.0,0.0,0.0,1.0,1.0,1.0,1.0,1.0,1.0,56.984268856

1680,0.0,0.0,0.0,1.0,1.0,1.0,1.0,1.0,1.0,57.322996063

1690,0.0,0.0,0.0,1.0,1.0,1.0,1.0,1.0,1.0,57.663316016

1700,0.0,0.0,0.0,1.0,1.0,1.0,1.0,1.0,1.0,58.002258412

1710,0.0,0.0,0.0,1.0,1.0,1.0,1.0,1.0,1.0,58.341239046

1720,0.0,0.0,0.0,1.0,1.0,1.0,1.0,1.0,1.0,58.679947044

1730,0.0,0.0,0.0,1.0,1.0,1.0,1.0,1.0,1.0,59.018532481

1740,0.0,0.0,0.0,1.0,1.0,1.0,1.0,1.0,1.0,59.361051877

1750,0.0,0.0,0.0,1.0,1.0,1.0,1.0,1.0,1.0,59.703922817

1760,0.0,0.0,0.0,1.0,1.0,1.0,1.0,1.0,1.0,60.048383582

1770,0.0,0.0,0.0,1.0,1.0,1.0,1.0,1.0,1.0,60.391504456

1780,0.0,0.0,0.0,1.0,1.0,1.0,1.0,1.0,1.0,60.734570143

1790,0.0,0.0,0.0,1.0,1.0,1.0,1.0,1.0,1.0,61.078342948

1800,0.0,0.0,0.0,1.0,1.0,1.0,1.0,1.0,1.0,61.423362958

1810,0.0,0.0,0.0,1.0,1.0,1.0,1.0,1.0,1.0,61.767047757

1820,0.0,0.0,0.0,1.0,1.0,1.0,1.0,1.0,1.0,62.110645591

1830,0.0,0.0,0.0,1.0,1.0,1.0,1.0,1.0,1.0,62.457086269

1840,0.0,0.0,0.0,1.0,1.0,1.0,1.0,1.0,1.0,62.800057491

1850,0.0,0.0,0.0,1.0,1.0,1.0,1.0,1.0,1.0,63.143674434

1860,0.0,0.0,0.0,1.0,1.0,1.0,1.0,1.0,1.0,63.486807515

1870,0.0,0.0,0.0,1.0,1.0,1.0,1.0,1.0,1.0,63.829606038

1880,0.0,0.0,0.0,1.0,1.0,1.0,1.0,1.0,1.0,64.172263101

1890,0.0,0.0,0.0,1.0,1.0,1.0,1.0,1.0,1.0,64.514793026

1900,0.0,0.0,0.0,1.0,1.0,1.0,1.0,1.0,1.0,64.859210229

1910,0.0,0.0,0.0,1.0,1.0,1.0,1.0,1.0,1.0,65.202300371

1920,0.0,0.0,0.0,1.0,1.0,1.0,1.0,1.0,1.0,65.54630681

1930,0.0,0.0,0.0,1.0,1.0,1.0,1.0,1.0,1.0,65.890112117

1940,0.0,0.0,0.0,1.0,1.0,1.0,1.0,1.0,1.0,66.233036194

1950,0.0,0.0,0.0,1.0,1.0,1.0,1.0,1.0,1.0,66.577840847

1960,0.0,0.0,0.0,1.0,1.0,1.0,1.0,1.0,1.0,66.920382121

1970,0.0,0.0,0.0,1.0,1.0,1.0,1.0,1.0,1.0,67.262986522

1980,0.0,0.0,0.0,1.0,1.0,1.0,1.0,1.0,1.0,67.610226384

1990,0.0,0.0,0.0,1.0,1.0,1.0,1.0,1.0,1.0,67.95286234

2000,0.0,0.0,0.0,1.0,1.0,1.0,1.0,1.0,1.0,68.2974037

2010,0.0,0.0,0.0,1.0,1.0,1.0,1.0,1.0,1.0,68.639823456

2020,0.0,0.0,0.0,1.0,1.0,1.0,1.0,1.0,1.0,68.982529751

2030,0.0,0.0,0.0,1.0,1.0,1.0,1.0,1.0,1.0,69.324977542

2040,0.0,0.0,0.0,1.0,1.0,1.0,1.0,1.0,1.0,69.66741839

2050,0.0,0.0,0.0,1.0,1.0,1.0,1.0,1.0,1.0,70.009784152

2060,0.0,0.0,0.0,1.0,1.0,1.0,1.0,1.0,1.0,70.352981841

2070,0.0,0.0,0.0,1.0,1.0,1.0,1.0,1.0,1.0,70.697365884

2080,0.0,0.0,0.0,1.0,1.0,1.0,1.0,1.0,1.0,71.041794041

2090,0.0,0.0,0.0,1.0,1.0,1.0,1.0,1.0,1.0,71.392486564

2100,0.0,0.0,0.0,1.0,1.0,1.0,1.0,1.0,1.0,71.736933898

2110,0.0,0.0,0.0,1.0,1.0,1.0,1.0,1.0,1.0,72.080397642

2120,0.0,0.0,0.0,1.0,1.0,1.0,1.0,1.0,1.0,72.424517063

2130,0.0,0.0,0.0,1.0,1.0,1.0,1.0,1.0,1.0,72.769148774

2140,0.0,0.0,0.0,1.0,1.0,1.0,1.0,1.0,1.0,73.112595376

2150,0.0,0.0,0.0,1.0,1.0,1.0,1.0,1.0,1.0,73.456489668

2160,0.0,0.0,0.0,1.0,1.0,1.0,1.0,1.0,1.0,73.80026942

2170,0.0,0.0,0.0,1.0,1.0,1.0,1.0,1.0,1.0,74.144692022

2180,0.0,0.0,0.0,1.0,1.0,1.0,1.0,1.0,1.0,74.489462847

2190,0.0,0.0,0.0,1.0,1.0,1.0,1.0,1.0,1.0,74.832192233

2200,0.0,0.0,0.0,1.0,1.0,1.0,1.0,1.0,1.0,75.177496885

2210,0.0,0.0,0.0,1.0,1.0,1.0,1.0,1.0,1.0,75.520350095

2220,0.0,0.0,0.0,1.0,1.0,1.0,1.0,1.0,1.0,75.86370722

2230,0.0,0.0,0.0,1.0,1.0,1.0,1.0,1.0,1.0,76.210626703

2240,0.0,0.0,0.0,1.0,1.0,1.0,1.0,1.0,1.0,76.559050562

2250,0.0,0.0,0.0,1.0,1.0,1.0,1.0,1.0,1.0,76.902942412

2260,0.0,0.0,0.0,1.0,1.0,1.0,1.0,1.0,1.0,77.245954578

2270,0.0,0.0,0.0,1.0,1.0,1.0,1.0,1.0,1.0,77.588328972

2280,0.0,0.0,0.0,1.0,1.0,1.0,1.0,1.0,1.0,77.930899259

2290,0.0,0.0,0.0,1.0,1.0,1.0,1.0,1.0,1.0,78.273319129

2300,0.0,0.0,0.0,1.0,1.0,1.0,1.0,1.0,1.0,78.615933193

2310,0.0,0.0,0.0,1.0,1.0,1.0,1.0,1.0,1.0,78.958472762

2320,0.0,0.0,0.0,1.0,1.0,1.0,1.0,1.0,1.0,79.30067251

2330,0.0,0.0,0.0,1.0,1.0,1.0,1.0,1.0,1.0,79.6431095

2340,0.0,0.0,0.0,1.0,1.0,1.0,1.0,1.0,1.0,79.98542173

2350,0.0,0.0,0.0,1.0,1.0,1.0,1.0,1.0,1.0,80.341555631

2360,0.0,0.0,0.0,1.0,1.0,1.0,1.0,1.0,1.0,80.67798076

2370,0.0,0.0,0.0,1.0,1.0,1.0,1.0,1.0,1.0,81.014482867

2380,0.0,0.0,0.0,1.0,1.0,1.0,1.0,1.0,1.0,81.350978518

2390,0.0,0.0,0.0,1.0,1.0,1.0,1.0,1.0,1.0,81.687644507

2400,0.0,0.0,0.0,1.0,1.0,1.0,1.0,1.0,1.0,82.023918339

2410,0.0,0.0,0.0,1.0,1.0,1.0,1.0,1.0,1.0,82.360240706

2420,0.0,0.0,0.0,1.0,1.0,1.0,1.0,1.0,1.0,82.696490436

2430,0.0,0.0,0.0,1.0,1.0,1.0,1.0,1.0,1.0,83.032907299

2440,0.0,0.0,0.0,1.0,1.0,1.0,1.0,1.0,1.0,83.369247244

2450,0.0,0.0,0.0,1.0,1.0,1.0,1.0,1.0,1.0,83.705447211

2460,0.0,0.0,0.0,1.0,1.0,1.0,1.0,1.0,1.0,84.041761292

2470,0.0,0.0,0.0,1.0,1.0,1.0,1.0,1.0,1.0,84.378389782

2480,0.0,0.0,0.0,1.0,1.0,1.0,1.0,1.0,1.0,84.714776414

2490,0.0,0.0,0.0,1.0,1.0,1.0,1.0,1.0,1.0,85.050948723

2500,0.0,0.0,0.0,1.0,1.0,1.0,1.0,1.0,1.0,85.387563928

2510,0.0,0.0,0.0,1.0,1.0,1.0,1.0,1.0,1.0,85.72385761

2520,0.0,0.0,0.0,1.0,1.0,1.0,1.0,1.0,1.0,86.060469767

2530,0.0,0.0,0.0,1.0,1.0,1.0,1.0,1.0,1.0,86.396785491

2540,0.0,0.0,0.0,1.0,1.0,1.0,1.0,1.0,1.0,86.733191349

2550,0.0,0.0,0.0,1.0,1.0,1.0,1.0,1.0,1.0,87.069855059

2560,0.0,0.0,0.0,1.0,1.0,1.0,1.0,1.0,1.0,87.406236028

2570,0.0,0.0,0.0,1.0,1.0,1.0,1.0,1.0,1.0,87.742958029

2580,0.0,0.0,0.0,1.0,1.0,1.0,1.0,1.0,1.0,88.079510326

2590,0.0,0.0,0.0,1.0,1.0,1.0,1.0,1.0,1.0,88.41724393

2600,0.0,0.0,0.0,1.0,1.0,1.0,1.0,1.0,1.0,88.753594642

2610,0.0,0.0,0.0,1.0,1.0,1.0,1.0,1.0,1.0,89.090157079

2620,0.0,0.0,0.0,1.0,1.0,1.0,1.0,1.0,1.0,89.426608979

2630,0.0,0.0,0.0,1.0,1.0,1.0,1.0,1.0,1.0,89.762868878

2640,0.0,0.0,0.0,1.0,1.0,1.0,1.0,1.0,1.0,90.099491888

2650,0.0,0.0,0.0,1.0,1.0,1.0,1.0,1.0,1.0,90.435824613

2660,0.0,0.0,0.0,1.0,1.0,1.0,1.0,1.0,1.0,90.772395527

2670,0.0,0.0,0.0,1.0,1.0,1.0,1.0,1.0,1.0,91.109209906

2680,0.0,0.0,0.0,1.0,1.0,1.0,1.0,1.0,1.0,91.445773955

2690,0.0,0.0,0.0,1.0,1.0,1.0,1.0,1.0,1.0,91.782730767

2700,0.0,0.0,0.0,1.0,1.0,1.0,1.0,1.0,1.0,92.119165621

2710,0.0,0.0,0.0,1.0,1.0,1.0,1.0,1.0,1.0,92.455955145

2720,0.0,0.0,0.0,1.0,1.0,1.0,1.0,1.0,1.0,92.792768512

2730,0.0,0.0,0.0,1.0,1.0,1.0,1.0,1.0,1.0,93.129373359

2740,0.0,0.0,0.0,1.0,1.0,1.0,1.0,1.0,1.0,93.465815682

2750,0.0,0.0,0.0,1.0,1.0,1.0,1.0,1.0,1.0,93.802576102

2760,0.0,0.0,0.0,1.0,1.0,1.0,1.0,1.0,1.0,94.138985917

2770,0.0,0.0,0.0,1.0,1.0,1.0,1.0,1.0,1.0,94.475505921

2780,0.0,0.0,0.0,1.0,1.0,1.0,1.0,1.0,1.0,94.811743148

2790,0.0,0.0,0.0,1.0,1.0,1.0,1.0,1.0,1.0,95.148105357

2800,0.0,0.0,0.0,1.0,1.0,1.0,1.0,1.0,1.0,95.484679463

2810,0.0,0.0,0.0,1.0,1.0,1.0,1.0,1.0,1.0,95.821053345

2820,0.0,0.0,0.0,1.0,1.0,1.0,1.0,1.0,1.0,96.157229605

2830,0.0,0.0,0.0,1.0,1.0,1.0,1.0,1.0,1.0,96.493535752

2840,0.0,0.0,0.0,1.0,1.0,1.0,1.0,1.0,1.0,96.830109071

2850,0.0,0.0,0.0,1.0,1.0,1.0,1.0,1.0,1.0,97.166361796

2860,0.0,0.0,0.0,1.0,1.0,1.0,1.0,1.0,1.0,97.502827582

2870,0.0,0.0,0.0,1.0,1.0,1.0,1.0,1.0,1.0,97.839371724

2880,0.0,0.0,0.0,1.0,1.0,1.0,1.0,1.0,1.0,98.17599767

2890,0.0,0.0,0.0,1.0,1.0,1.0,1.0,1.0,1.0,98.512485751

2900,0.0,0.0,0.0,1.0,1.0,1.0,1.0,1.0,1.0,98.849178757

2910,0.0,0.0,0.0,1.0,1.0,1.0,1.0,1.0,1.0,99.185648519

2920,0.0,0.0,0.0,1.0,1.0,1.0,1.0,1.0,1.0,99.522236473

2930,0.0,0.0,0.0,1.0,1.0,1.0,1.0,1.0,1.0,99.858714646

2940,0.0,0.0,0.0,1.0,1.0,1.0,1.0,1.0,1.0,100.195177245

2950,0.0,0.0,0.0,1.0,1.0,1.0,1.0,1.0,1.0,100.534377505

2960,0.0,0.0,0.0,1.0,1.0,1.0,1.0,1.0,1.0,100.871263824

2970,0.0,0.0,0.0,1.0,1.0,1.0,1.0,1.0,1.0,101.208240363

2980,0.0,0.0,0.0,1.0,1.0,1.0,1.0,1.0,1.0,101.54559509

2990,0.0,0.0,0.0,1.0,1.0,1.0,1.0,1.0,1.0,101.882520107

3000,0.0,0.0,0.0,1.0,1.0,1.0,1.0,1.0,1.0,102.219361409

3010,0.0,0.0,0.0,1.0,1.0,1.0,1.0,1.0,1.0,102.556868304

3020,0.0,0.0,0.0,1.0,1.0,1.0,1.0,1.0,1.0,102.894038263

3030,0.0,0.0,0.0,1.0,1.0,1.0,1.0,1.0,1.0,103.231449645

3040,0.0,0.0,0.0,1.0,1.0,1.0,1.0,1.0,1.0,103.568702731

3050,0.0,0.0,0.0,1.0,1.0,1.0,1.0,1.0,1.0,103.906014472

3060,0.0,0.0,0.0,1.0,1.0,1.0,1.0,1.0,1.0,104.243072067

3070,0.0,0.0,0.0,1.0,1.0,1.0,1.0,1.0,1.0,104.581199488

3080,0.0,0.0,0.0,1.0,1.0,1.0,1.0,1.0,1.0,104.918869704

3090,0.0,0.0,0.0,1.0,1.0,1.0,1.0,1.0,1.0,105.256355454

3100,0.0,0.0,0.0,1.0,1.0,1.0,1.0,1.0,1.0,105.593409455

3110,0.0,0.0,0.0,1.0,1.0,1.0,1.0,1.0,1.0,105.930834448

3120,0.0,0.0,0.0,1.0,1.0,1.0,1.0,1.0,1.0,106.268379664

3130,0.0,0.0,0.0,1.0,1.0,1.0,1.0,1.0,1.0,106.605712316

3140,0.0,0.0,0.0,1.0,1.0,1.0,1.0,1.0,1.0,106.942713705

3150,0.0,0.0,0.0,1.0,1.0,1.0,1.0,1.0,1.0,107.279695587

3160,0.0,0.0,0.0,1.0,1.0,1.0,1.0,1.0,1.0,107.616777392

3170,0.0,0.0,0.0,1.0,1.0,1.0,1.0,1.0,1.0,107.954339885

3180,0.0,0.0,0.0,1.0,1.0,1.0,1.0,1.0,1.0,108.291735651

3190,0.0,0.0,0.0,1.0,1.0,1.0,1.0,1.0,1.0,108.629502841

3200,0.0,0.0,0.0,1.0,1.0,1.0,1.0,1.0,1.0,108.972838183

3210,0.0,0.0,0.0,1.0,1.0,1.0,1.0,1.0,1.0,109.310510957

3220,0.0,0.0,0.0,1.0,1.0,1.0,1.0,1.0,1.0,109.647671475

3230,0.0,0.0,0.0,1.0,1.0,1.0,1.0,1.0,1.0,109.984753461

3240,0.0,0.0,0.0,1.0,1.0,1.0,1.0,1.0,1.0,110.321857661

3250,0.0,0.0,0.0,1.0,1.0,1.0,1.0,1.0,1.0,110.658958328

3260,0.0,0.0,0.0,1.0,1.0,1.0,1.0,1.0,1.0,110.996061624

3270,0.0,0.0,0.0,1.0,1.0,1.0,1.0,1.0,1.0,111.333217143

3280,0.0,0.0,0.0,1.0,1.0,1.0,1.0,1.0,1.0,111.670331998

3290,0.0,0.0,0.0,1.0,1.0,1.0,1.0,1.0,1.0,112.007461561

3300,0.0,0.0,0.0,1.0,1.0,1.0,1.0,1.0,1.0,112.344628032

3310,0.0,0.0,0.0,1.0,1.0,1.0,1.0,1.0,1.0,112.681657975

3320,0.0,0.0,0.0,1.0,1.0,1.0,1.0,1.0,1.0,113.018537407

3330,0.0,0.0,0.0,1.0,1.0,1.0,1.0,1.0,1.0,113.355410953

3340,0.0,0.0,0.0,1.0,1.0,1.0,1.0,1.0,1.0,113.692311221

3350,0.0,0.0,0.0,1.0,1.0,1.0,1.0,1.0,1.0,114.029538593

3360,0.0,0.0,0.0,1.0,1.0,1.0,1.0,1.0,1.0,114.366640417

3370,0.0,0.0,0.0,1.0,1.0,1.0,1.0,1.0,1.0,114.703586746

3380,0.0,0.0,0.0,1.0,1.0,1.0,1.0,1.0,1.0,115.042380424

3390,0.0,0.0,0.0,1.0,1.0,1.0,1.0,1.0,1.0,115.379370706

3400,0.0,0.0,0.0,1.0,1.0,1.0,1.0,1.0,1.0,115.716563241

3410,0.0,0.0,0.0,1.0,1.0,1.0,1.0,1.0,1.0,116.053455349

3420,0.0,0.0,0.0,1.0,1.0,1.0,1.0,1.0,1.0,116.390786883

3430,0.0,0.0,0.0,1.0,1.0,1.0,1.0,1.0,1.0,116.727780316

3440,0.0,0.0,0.0,1.0,1.0,1.0,1.0,1.0,1.0,117.064620704

3450,0.0,0.0,0.0,1.0,1.0,1.0,1.0,1.0,1.0,117.401810116

3460,0.0,0.0,0.0,1.0,1.0,1.0,1.0,1.0,1.0,117.738982439

3470,0.0,0.0,0.0,1.0,1.0,1.0,1.0,1.0,1.0,118.076037832

3480,0.0,0.0,0.0,1.0,1.0,1.0,1.0,1.0,1.0,118.41339602

3490,0.0,0.0,0.0,1.0,1.0,1.0,1.0,1.0,1.0,118.75055486

3500,0.0,0.0,0.0,1.0,1.0,1.0,1.0,1.0,1.0,119.088027462

3510,0.0,0.0,0.0,1.0,1.0,1.0,1.0,1.0,1.0,119.425361643

3520,0.0,0.0,0.0,1.0,1.0,1.0,1.0,1.0,1.0,119.762631103

3530,0.0,0.0,0.0,1.0,1.0,1.0,1.0,1.0,1.0,120.099971447

3540,0.0,0.0,0.0,1.0,1.0,1.0,1.0,1.0,1.0,120.438537553

3550,0.0,0.0,0.0,1.0,1.0,1.0,1.0,1.0,1.0,120.777099632

3560,0.0,0.0,0.0,1.0,1.0,1.0,1.0,1.0,1.0,121.116193598

3570,0.0,0.0,0.0,1.0,1.0,1.0,1.0,1.0,1.0,121.454927278

3580,0.0,0.0,0.0,1.0,1.0,1.0,1.0,1.0,1.0,121.793627752

3590,0.0,0.0,0.0,1.0,1.0,1.0,1.0,1.0,1.0,122.13328668

3600,0.0,0.0,0.0,1.0,1.0,1.0,1.0,1.0,1.0,122.471894552

3610,0.0,0.0,0.0,1.0,1.0,1.0,1.0,1.0,1.0,122.810499002

3620,0.0,0.0,0.0,1.0,1.0,1.0,1.0,1.0,1.0,123.149976287

3630,0.0,0.0,0.0,1.0,1.0,1.0,1.0,1.0,1.0,123.488673945

3640,0.0,0.0,0.0,1.0,1.0,1.0,1.0,1.0,1.0,123.827717118

3650,0.0,0.0,0.0,1.0,1.0,1.0,1.0,1.0,1.0,124.166389418

3660,0.0,0.0,0.0,1.0,1.0,1.0,1.0,1.0,1.0,124.504974187

3670,0.0,0.0,0.0,1.0,1.0,1.0,1.0,1.0,1.0,124.843979992

3680,0.0,0.0,0.0,1.0,1.0,1.0,1.0,1.0,1.0,125.182788522

3690,0.0,0.0,0.0,1.0,1.0,1.0,1.0,1.0,1.0,125.521394783

3700,0.0,0.0,0.0,1.0,1.0,1.0,1.0,1.0,1.0,125.860282625

3710,0.0,0.0,0.0,1.0,1.0,1.0,1.0,1.0,1.0,126.198843728

3720,0.0,0.0,0.0,1.0,1.0,1.0,1.0,1.0,1.0,126.537808855

3730,0.0,0.0,0.0,1.0,1.0,1.0,1.0,1.0,1.0,126.876557768

3740,0.0,0.0,0.0,1.0,1.0,1.0,1.0,1.0,1.0,127.215202747

3750,0.0,0.0,0.0,1.0,1.0,1.0,1.0,1.0,1.0,127.553991886

3760,0.0,0.0,0.0,1.0,1.0,1.0,1.0,1.0,1.0,127.892479286

3770,0.0,0.0,0.0,1.0,1.0,1.0,1.0,1.0,1.0,128.231849354

3780,0.0,0.0,0.0,1.0,1.0,1.0,1.0,1.0,1.0,128.571345552

3790,0.0,0.0,0.0,1.0,1.0,1.0,1.0,1.0,1.0,128.910052604

3800,0.0,0.0,0.0,1.0,1.0,1.0,1.0,1.0,1.0,129.248728666

3810,0.0,0.0,0.0,1.0,1.0,1.0,1.0,1.0,1.0,129.587267721

3820,0.0,0.0,0.0,1.0,1.0,1.0,1.0,1.0,1.0,129.926187703

3830,0.0,0.0,0.0,1.0,1.0,1.0,1.0,1.0,1.0,130.264713292

3840,0.0,0.0,0.0,1.0,1.0,1.0,1.0,1.0,1.0,130.603202285

3850,0.0,0.0,0.0,1.0,1.0,1.0,1.0,1.0,1.0,130.94171469

3860,0.0,0.0,0.0,1.0,1.0,1.0,1.0,1.0,1.0,131.280318952

3870,0.0,0.0,0.0,1.0,1.0,1.0,1.0,1.0,1.0,131.618713859

3880,0.0,0.0,0.0,1.0,1.0,1.0,1.0,1.0,1.0,131.957122069

3890,0.0,0.0,0.0,1.0,1.0,1.0,1.0,1.0,1.0,132.295626119

3900,0.0,0.0,0.0,1.0,1.0,1.0,1.0,1.0,1.0,132.634329017

3910,0.0,0.0,0.0,1.0,1.0,1.0,1.0,1.0,1.0,132.972892273

3920,0.0,0.0,0.0,1.0,1.0,1.0,1.0,1.0,1.0,133.31146131

3930,0.0,0.0,0.0,1.0,1.0,1.0,1.0,1.0,1.0,133.650052123

3940,0.0,0.0,0.0,1.0,1.0,1.0,1.0,1.0,1.0,133.98857735

3950,0.0,0.0,0.0,1.0,1.0,1.0,1.0,1.0,1.0,134.327150188

3960,0.0,0.0,0.0,1.0,1.0,1.0,1.0,1.0,1.0,134.665894753

3970,0.0,0.0,0.0,1.0,1.0,1.0,1.0,1.0,1.0,135.004494285

3980,0.0,0.0,0.0,1.0,1.0,1.0,1.0,1.0,1.0,135.343282612

3990,0.0,0.0,0.0,1.0,1.0,1.0,1.0,1.0,1.0,135.681837557

4000,0.0,0.0,0.0,1.0,1.0,1.0,1.0,1.0,1.0,136.020531809

4010,0.0,0.0,0.0,1.0,1.0,1.0,1.0,1.0,1.0,136.359476981

4020,0.0,0.0,0.0,1.0,1.0,1.0,1.0,1.0,1.0,136.698029525

4030,0.0,0.0,0.0,1.0,1.0,1.0,1.0,1.0,1.0,137.036543292

4040,0.0,0.0,0.0,1.0,1.0,1.0,1.0,1.0,1.0,137.37518517

4050,0.0,0.0,0.0,1.0,1.0,1.0,1.0,1.0,1.0,137.713935661

4060,0.0,0.0,0.0,1.0,1.0,1.0,1.0,1.0,1.0,138.052538649

4070,0.0,0.0,0.0,1.0,1.0,1.0,1.0,1.0,1.0,138.390921214

4080,0.0,0.0,0.0,1.0,1.0,1.0,1.0,1.0,1.0,138.74732076

4090,0.0,0.0,0.0,1.0,1.0,1.0,1.0,1.0,1.0,139.093702145

4100,0.0,0.0,0.0,1.0,1.0,1.0,1.0,1.0,1.0,139.438082882

4110,0.0,0.0,0.0,1.0,1.0,1.0,1.0,1.0,1.0,139.788806603

4120,0.0,0.0,0.0,1.0,1.0,1.0,1.0,1.0,1.0,140.132855159

4130,0.0,0.0,0.0,1.0,1.0,1.0,1.0,1.0,1.0,140.477263383

4140,0.0,0.0,0.0,1.0,1.0,1.0,1.0,1.0,1.0,140.821239872

4150,0.0,0.0,0.0,1.0,1.0,1.0,1.0,1.0,1.0,141.165097381

4160,0.0,0.0,0.0,1.0,1.0,1.0,1.0,1.0,1.0,141.509637516

4170,0.0,0.0,0.0,1.0,1.0,1.0,1.0,1.0,1.0,141.854048332

4180,0.0,0.0,0.0,1.0,1.0,1.0,1.0,1.0,1.0,142.197706777

4190,0.0,0.0,0.0,1.0,1.0,1.0,1.0,1.0,1.0,142.541492324

4200,0.0,0.0,0.0,1.0,1.0,1.0,1.0,1.0,1.0,142.885617702

4210,0.0,0.0,0.0,1.0,1.0,1.0,1.0,1.0,1.0,143.229791067

4220,0.0,0.0,0.0,1.0,1.0,1.0,1.0,1.0,1.0,143.574816738

4230,0.0,0.0,0.0,1.0,1.0,1.0,1.0,1.0,1.0,143.919005381

4240,0.0,0.0,0.0,1.0,1.0,1.0,1.0,1.0,1.0,144.263402622

4250,0.0,0.0,0.0,1.0,1.0,1.0,1.0,1.0,1.0,144.607423337

4260,0.0,0.0,0.0,1.0,1.0,1.0,1.0,1.0,1.0,144.951468726

4270,0.0,0.0,0.0,1.0,1.0,1.0,1.0,1.0,1.0,145.295811377

4280,0.0,0.0,0.0,1.0,1.0,1.0,1.0,1.0,1.0,145.640318324

4290,0.0,0.0,0.0,1.0,1.0,1.0,1.0,1.0,1.0,145.984073867

4300,0.0,0.0,0.0,1.0,1.0,1.0,1.0,1.0,1.0,146.328183886

4310,0.0,0.0,0.0,1.0,1.0,1.0,1.0,1.0,1.0,146.671978999

4320,0.0,0.0,0.0,1.0,1.0,1.0,1.0,1.0,1.0,147.016058234

4330,0.0,0.0,0.0,1.0,1.0,1.0,1.0,1.0,1.0,147.360590197

4340,0.0,0.0,0.0,1.0,1.0,1.0,1.0,1.0,1.0,147.705093234

4350,0.0,0.0,0.0,1.0,1.0,1.0,1.0,1.0,1.0,148.050025699

4360,0.0,0.0,0.0,1.0,1.0,1.0,1.0,1.0,1.0,148.394387617

4370,0.0,0.0,0.0,1.0,1.0,1.0,1.0,1.0,1.0,148.738524836

4380,0.0,0.0,0.0,1.0,1.0,1.0,1.0,1.0,1.0,149.082571574

4390,0.0,0.0,0.0,1.0,1.0,1.0,1.0,1.0,1.0,149.426517439

4400,0.0,0.0,0.0,1.0,1.0,1.0,1.0,1.0,1.0,149.770715478

4410,0.0,0.0,0.0,1.0,1.0,1.0,1.0,1.0,1.0,150.114972041

4420,0.0,0.0,0.0,1.0,1.0,1.0,1.0,1.0,1.0,150.458808794

4430,0.0,0.0,0.0,1.0,1.0,1.0,1.0,1.0,1.0,150.80268378

4440,0.0,0.0,0.0,1.0,1.0,1.0,1.0,1.0,1.0,151.14732564

4450,0.0,0.0,0.0,1.0,1.0,1.0,1.0,1.0,1.0,151.491285014

4460,0.0,0.0,0.0,1.0,1.0,1.0,1.0,1.0,1.0,151.835311085

4470,0.0,0.0,0.0,1.0,1.0,1.0,1.0,1.0,1.0,152.179605591

4480,0.0,0.0,0.0,1.0,1.0,1.0,1.0,1.0,1.0,152.523907816

4490,0.0,0.0,0.0,1.0,1.0,1.0,1.0,1.0,1.0,152.868575339

4500,0.0,0.0,0.0,1.0,1.0,1.0,1.0,1.0,1.0,153.212534943

4510,0.0,0.0,0.0,1.0,1.0,1.0,1.0,1.0,1.0,153.55675626

4520,0.0,0.0,0.0,1.0,1.0,1.0,1.0,1.0,1.0,153.900854484

4530,0.0,0.0,0.0,1.0,1.0,1.0,1.0,1.0,1.0,154.245664656

4540,0.0,0.0,0.0,1.0,1.0,1.0,1.0,1.0,1.0,154.591039486

4550,0.0,0.0,0.0,1.0,1.0,1.0,1.0,1.0,1.0,154.935821423

4560,0.0,0.0,0.0,1.0,1.0,1.0,1.0,1.0,1.0,155.279534663

4570,0.0,0.0,0.0,1.0,1.0,1.0,1.0,1.0,1.0,155.623480417

4580,0.0,0.0,0.0,1.0,1.0,1.0,1.0,1.0,1.0,155.96775292

4590,0.0,0.0,0.0,1.0,1.0,1.0,1.0,1.0,1.0,156.311822226

4600,0.0,0.0,0.0,1.0,1.0,1.0,1.0,1.0,1.0,156.655923135

4610,0.0,0.0,0.0,1.0,1.0,1.0,1.0,1.0,1.0,157.001565623

4620,0.0,0.0,0.0,1.0,1.0,1.0,1.0,1.0,1.0,157.352149514

4630,0.0,0.0,0.0,1.0,1.0,1.0,1.0,1.0,1.0,157.732365552

4640,0.0,0.0,0.0,1.0,1.0,1.0,1.0,1.0,1.0,158.08468243

4650,0.0,0.0,0.0,1.0,1.0,1.0,1.0,1.0,1.0,158.439351715

4660,0.0,0.0,0.0,1.0,1.0,1.0,1.0,1.0,1.0,158.786054606

4670,0.0,0.0,0.0,1.0,1.0,1.0,1.0,1.0,1.0,159.128614028

4680,0.0,0.0,0.0,1.0,1.0,1.0,1.0,1.0,1.0,159.471500212

4690,0.0,0.0,0.0,1.0,1.0,1.0,1.0,1.0,1.0,159.813916685

4700,0.0,0.0,0.0,1.0,1.0,1.0,1.0,1.0,1.0,160.156511471

4710,0.0,0.0,0.0,1.0,1.0,1.0,1.0,1.0,1.0,160.499424335

4720,0.0,0.0,0.0,1.0,1.0,1.0,1.0,1.0,1.0,160.843155071

4730,0.0,0.0,0.0,1.0,1.0,1.0,1.0,1.0,1.0,161.185750501

4740,0.0,0.0,0.0,1.0,1.0,1.0,1.0,1.0,1.0,161.528613651

4750,0.0,0.0,0.0,1.0,1.0,1.0,1.0,1.0,1.0,161.871406288

4760,0.0,0.0,0.0,1.0,1.0,1.0,1.0,1.0,1.0,162.214549589

4770,0.0,0.0,0.0,1.0,1.0,1.0,1.0,1.0,1.0,162.557527954

4780,0.0,0.0,0.0,1.0,1.0,1.0,1.0,1.0,1.0,162.90017002

4790,0.0,0.0,0.0,1.0,1.0,1.0,1.0,1.0,1.0,163.245934117

4800,0.0,0.0,0.0,1.0,1.0,1.0,1.0,1.0,1.0,163.588258455

4810,0.0,0.0,0.0,1.0,1.0,1.0,1.0,1.0,1.0,163.930584576

4820,0.0,0.0,0.0,1.0,1.0,1.0,1.0,1.0,1.0,164.274057048

4830,0.0,0.0,0.0,1.0,1.0,1.0,1.0,1.0,1.0,164.616574189

4840,0.0,0.0,0.0,1.0,1.0,1.0,1.0,1.0,1.0,164.958757448

4850,0.0,0.0,0.0,1.0,1.0,1.0,1.0,1.0,1.0,165.300919633

4860,0.0,0.0,0.0,1.0,1.0,1.0,1.0,1.0,1.0,165.648072198

4870,0.0,0.0,0.0,1.0,1.0,1.0,1.0,1.0,1.0,165.990551995

4880,0.0,0.0,0.0,1.0,1.0,1.0,1.0,1.0,1.0,166.332627342

4890,0.0,0.0,0.0,1.0,1.0,1.0,1.0,1.0,1.0,166.674872814

4900,0.0,0.0,0.0,1.0,1.0,1.0,1.0,1.0,1.0,167.017690082

4910,0.0,0.0,0.0,1.0,1.0,1.0,1.0,1.0,1.0,167.35700597

4920,0.0,0.0,0.0,1.0,1.0,1.0,1.0,1.0,1.0,167.696183

4930,0.0,0.0,0.0,1.0,1.0,1.0,1.0,1.0,1.0,168.035675506

4940,0.0,0.0,0.0,1.0,1.0,1.0,1.0,1.0,1.0,168.374854849

4950,0.0,0.0,0.0,1.0,1.0,1.0,1.0,1.0,1.0,168.714374063

4960,0.0,0.0,0.0,1.0,1.0,1.0,1.0,1.0,1.0,169.053540337

4970,0.0,0.0,0.0,1.0,1.0,1.0,1.0,1.0,1.0,169.395308052

4980,0.0,0.0,0.0,1.0,1.0,1.0,1.0,1.0,1.0,169.734940826

4990,0.0,0.0,0.0,1.0,1.0,1.0,1.0,1.0,1.0,170.074395521

5000,0.0,0.0,0.0,1.0,1.0,1.0,1.0,1.0,1.0,170.413616483

